2019-04-03 22:43:47,304   GET     301      16 ms  /
2019-04-03 22:43:47,318   GET     200       7 ms  /flow/index.html
2019-04-03 22:43:47,353   GET     200       8 ms  /flow/css/flow.css
2019-04-03 22:43:47,404   GET     200      35 ms  /flow/js/flow.js
2019-04-03 22:43:47,830   GET     200       3 ms  /flow/img/h2o.png
2019-04-03 22:43:47,880   GET     200       5 ms  /flow/fonts/fa-solid-900.woff2
2019-04-03 22:43:47,881   GET     200       6 ms  /flow/fonts/Lato-Regular.woff2
2019-04-03 22:43:47,894   GET     200       4 ms  /flow/index.html
2019-04-03 22:43:48,160   GET     200     258 ms  /3/Metadata/endpoints
2019-04-03 22:43:48,239   GET     200       7 ms  /flow/help/catalog.json
2019-04-03 22:43:48,247   GET     200       6 ms  /flow/fonts/SourceCodePro-Regular.ttf.woff2
2019-04-03 22:43:48,254   POST    200      16 ms  /3/scalaint
2019-04-03 22:43:48,262   GET     200      33 ms  /3/NodePersistentStorage/categories/environment/names/clips/exists
2019-04-03 22:43:48,262   GET     200      33 ms  /3/NodePersistentStorage/notebook
2019-04-03 22:43:48,264   GET     200      32 ms  /3/About
2019-04-03 22:43:48,270   GET     200       3 ms  /flow/img/h2o-flow.png
2019-04-03 22:43:48,328   GET     200      93 ms  /3/ModelBuilders
2019-04-03 22:43:48,421   GET     200       3 ms  /flow/fonts/fa-regular-400.woff2
2019-04-03 22:43:48,497   GET     200       5 ms  /flow/fonts/Lato-Italic.woff2
2019-04-03 22:47:08,920   GET     200       5 ms  /flow/index.html
2019-04-03 22:47:08,951   GET     200       7 ms  /flow/css/flow.css
2019-04-03 22:47:09,026   GET     200       2 ms  /flow/img/h2o.png
2019-04-03 22:47:09,038   GET     200       4 ms  /flow/fonts/SourceCodePro-Regular.ttf.woff2
2019-04-03 22:47:09,038   GET     200      77 ms  /flow/js/flow.js
2019-04-03 22:47:09,038   GET     200       6 ms  /flow/fonts/fa-solid-900.woff2
2019-04-03 22:47:09,039   GET     200       8 ms  /flow/fonts/Lato-Regular.woff2
2019-04-03 22:47:09,332   GET     200       4 ms  /flow/index.html
2019-04-03 22:47:09,398   GET     200      57 ms  /3/Metadata/endpoints
2019-04-03 22:47:09,480   GET     200       1 ms  /3/NodePersistentStorage/notebook
2019-04-03 22:47:09,480   GET     200       1 ms  /3/NodePersistentStorage/categories/environment/names/clips/exists
2019-04-03 22:47:09,483   GET     200       3 ms  /flow/help/catalog.json
2019-04-03 22:47:09,485   GET     200       1 ms  /3/About
2019-04-03 22:47:09,490   POST    200       1 ms  /3/scalaint
2019-04-03 22:47:09,512   GET     200       3 ms  /flow/img/h2o-flow.png
2019-04-03 22:47:09,519   GET     200      31 ms  /3/ModelBuilders
2019-04-03 22:47:09,635   GET     200       3 ms  /flow/fonts/fa-regular-400.woff2
2019-04-03 22:47:09,698   GET     200       4 ms  /flow/favicon.ico
2019-04-03 22:47:09,702   GET     200       5 ms  /flow/fonts/Lato-Italic.woff2
2019-04-03 22:47:14,921   GET     200      34 ms  /3/Frames
2019-04-03 22:47:25,881   GET     200       6 ms  /flow/fonts/Lato-Bold.woff2
2019-04-03 22:47:27,592   DELETE  200      29 ms  /3/Frames/frame_rdd_46_944277d17ff5ca3e34e5dbeba0484866
2019-04-03 22:47:27,592   DELETE  200      29 ms  /3/Frames/frame_rdd_28_9f6ce92efdee66a010bcabafdb8342c4
2019-04-03 22:47:32,742   GET     200       1 ms  /3/Frames
2019-04-03 22:47:48,769   GET     200       1 ms  /3/Frames
2019-04-03 22:48:03,103   GET     200       4 ms  /flow/index.html
2019-04-03 22:48:03,146   GET     200       6 ms  /flow/css/flow.css
2019-04-03 22:48:03,220   GET     200       3 ms  /flow/img/h2o.png
2019-04-03 22:48:03,232   GET     200       5 ms  /flow/fonts/SourceCodePro-Regular.ttf.woff2
2019-04-03 22:48:03,232   GET     200       5 ms  /flow/fonts/fa-solid-900.woff2
2019-04-03 22:48:03,234   GET     200       8 ms  /flow/fonts/Lato-Regular.woff2
2019-04-03 22:48:03,234   GET     200      79 ms  /flow/js/flow.js
2019-04-03 22:48:03,535   GET     200       4 ms  /flow/index.html
2019-04-03 22:48:03,614   GET     200      73 ms  /3/Metadata/endpoints
2019-04-03 22:48:03,700   GET     200       1 ms  /3/NodePersistentStorage/notebook
2019-04-03 22:48:03,701   GET     200       0 ms  /3/NodePersistentStorage/categories/environment/names/clips/exists
2019-04-03 22:48:03,704   GET     200       3 ms  /flow/help/catalog.json
2019-04-03 22:48:03,707   GET     200       2 ms  /3/About
2019-04-03 22:48:03,711   POST    200       1 ms  /3/scalaint
2019-04-03 22:48:03,718   GET     200       3 ms  /flow/img/h2o-flow.png
2019-04-03 22:48:03,743   GET     200      32 ms  /3/ModelBuilders
2019-04-03 22:48:03,841   GET     200       3 ms  /flow/fonts/fa-regular-400.woff2
2019-04-03 22:48:03,886   GET     200       4 ms  /flow/fonts/Lato-Italic.woff2
2019-04-03 22:48:04,074   GET     200       3 ms  /flow/favicon.ico
2019-04-03 22:48:05,346   GET     200       1 ms  /3/Frames
2019-04-03 22:48:14,232   GET     200       5 ms  /flow/index.html
2019-04-03 22:48:14,264   GET     200       5 ms  /flow/css/flow.css
2019-04-03 22:48:14,303   GET     200      30 ms  /flow/js/flow.js
2019-04-03 22:48:14,340   GET     200       3 ms  /flow/img/h2o.png
2019-04-03 22:48:14,351   GET     200       6 ms  /flow/fonts/fa-solid-900.woff2
2019-04-03 22:48:14,352   GET     200       7 ms  /flow/fonts/Lato-Regular.woff2
2019-04-03 22:48:14,352   GET     200       6 ms  /flow/fonts/SourceCodePro-Regular.ttf.woff2
2019-04-03 22:48:14,585   GET     200       3 ms  /flow/index.html
2019-04-03 22:48:14,636   GET     200      45 ms  /3/Metadata/endpoints
2019-04-03 22:48:14,705   GET     200       1 ms  /3/NodePersistentStorage/notebook
2019-04-03 22:48:14,706   GET     200       1 ms  /3/NodePersistentStorage/categories/environment/names/clips/exists
2019-04-03 22:48:14,708   GET     200       1 ms  /3/About
2019-04-03 22:48:14,709   GET     200       3 ms  /flow/help/catalog.json
2019-04-03 22:48:14,712   POST    200       1 ms  /3/scalaint
2019-04-03 22:48:14,720   GET     200       3 ms  /flow/img/h2o-flow.png
2019-04-03 22:48:14,740   GET     200      30 ms  /3/ModelBuilders
2019-04-03 22:48:14,834   GET     200       3 ms  /flow/fonts/fa-regular-400.woff2
2019-04-03 22:48:14,836   GET     200       3 ms  /flow/favicon.ico
2019-04-03 22:48:14,878   GET     200       5 ms  /flow/fonts/Lato-Italic.woff2
2019-04-03 22:48:16,957   GET     200       4 ms  /3/Frames
2019-04-03 22:48:21,985   GET     200      70 ms  /3/Frames/frame_rdd_64_a2071ab768d23436a992a80d0c4640d4/summary
2019-04-03 22:48:23,379   GET     200    1323 ms  /flow/fonts/SourceCodePro-It.ttf.woff2
2019-04-03 22:49:12,706   GET     200       5 ms  /3/Frames/frame_rdd_64_a2071ab768d23436a992a80d0c4640d4
2019-04-03 22:50:05,159   GET     200       1 ms  /3/Frames
2019-04-03 22:50:05,182   GET     200      24 ms  /3/Metadata/schemas/RandomDiscreteValueSearchCriteriaV99
2019-04-03 22:50:09,272   GET     200       4 ms  /3/Frames/frame_rdd_64_a2071ab768d23436a992a80d0c4640d4/summary
2019-04-03 22:51:14,817   POST    200     207 ms  /99/AutoMLBuilder
2019-04-03 22:51:16,660   GET     200    1832 ms  /3/Jobs/%240301c0a8380132d4ffffffff%24_8cc9ba6434723d3db778bc0ff9e5498f
2019-04-03 22:51:18,465   GET     200       1 ms  /3/Jobs/%240301c0a8380132d4ffffffff%24_8cc9ba6434723d3db778bc0ff9e5498f
2019-04-03 22:51:19,488   GET     200       1 ms  /3/Jobs/%240301c0a8380132d4ffffffff%24_8cc9ba6434723d3db778bc0ff9e5498f
2019-04-03 22:51:20,939   GET     200       1 ms  /3/Jobs/%240301c0a8380132d4ffffffff%24_8cc9ba6434723d3db778bc0ff9e5498f
2019-04-03 22:51:21,961   GET     200       0 ms  /3/Jobs/%240301c0a8380132d4ffffffff%24_8cc9ba6434723d3db778bc0ff9e5498f
2019-04-03 22:51:22,969   GET     200       1 ms  /3/Jobs/%240301c0a8380132d4ffffffff%24_8cc9ba6434723d3db778bc0ff9e5498f
2019-04-03 22:51:24,072   GET     200       0 ms  /3/Jobs/%240301c0a8380132d4ffffffff%24_8cc9ba6434723d3db778bc0ff9e5498f
2019-04-03 22:51:25,087   GET     200       1 ms  /3/Jobs/%240301c0a8380132d4ffffffff%24_8cc9ba6434723d3db778bc0ff9e5498f
2019-04-03 22:51:26,102   GET     200       1 ms  /3/Jobs/%240301c0a8380132d4ffffffff%24_8cc9ba6434723d3db778bc0ff9e5498f
2019-04-03 22:51:27,131   GET     200       1 ms  /3/Jobs/%240301c0a8380132d4ffffffff%24_8cc9ba6434723d3db778bc0ff9e5498f
2019-04-03 22:51:28,365   GET     200       0 ms  /3/Jobs/%240301c0a8380132d4ffffffff%24_8cc9ba6434723d3db778bc0ff9e5498f
2019-04-03 22:51:29,386   GET     200       0 ms  /3/Jobs/%240301c0a8380132d4ffffffff%24_8cc9ba6434723d3db778bc0ff9e5498f
2019-04-03 22:51:30,608   GET     200       1 ms  /3/Jobs/%240301c0a8380132d4ffffffff%24_8cc9ba6434723d3db778bc0ff9e5498f
2019-04-03 22:51:31,617   GET     200       1 ms  /3/Jobs/%240301c0a8380132d4ffffffff%24_8cc9ba6434723d3db778bc0ff9e5498f
2019-04-03 22:51:32,644   GET     200       0 ms  /3/Jobs/%240301c0a8380132d4ffffffff%24_8cc9ba6434723d3db778bc0ff9e5498f
2019-04-03 22:51:34,067   GET     200       2 ms  /3/Jobs/%240301c0a8380132d4ffffffff%24_8cc9ba6434723d3db778bc0ff9e5498f
2019-04-03 22:51:35,107   GET     200       0 ms  /3/Jobs/%240301c0a8380132d4ffffffff%24_8cc9ba6434723d3db778bc0ff9e5498f
2019-04-03 22:51:36,640   GET     200       1 ms  /3/Jobs/%240301c0a8380132d4ffffffff%24_8cc9ba6434723d3db778bc0ff9e5498f
2019-04-03 22:51:38,132   GET     200       1 ms  /3/Jobs/%240301c0a8380132d4ffffffff%24_8cc9ba6434723d3db778bc0ff9e5498f
2019-04-03 22:51:39,272   GET     200       1 ms  /3/Jobs/%240301c0a8380132d4ffffffff%24_8cc9ba6434723d3db778bc0ff9e5498f
2019-04-03 22:51:40,370   GET     200       0 ms  /3/Jobs/%240301c0a8380132d4ffffffff%24_8cc9ba6434723d3db778bc0ff9e5498f
2019-04-03 22:51:41,378   GET     200       1 ms  /3/Jobs/%240301c0a8380132d4ffffffff%24_8cc9ba6434723d3db778bc0ff9e5498f
2019-04-03 22:51:42,544   GET     200       1 ms  /3/Jobs/%240301c0a8380132d4ffffffff%24_8cc9ba6434723d3db778bc0ff9e5498f
2019-04-03 22:51:43,835   GET     200       0 ms  /3/Jobs/%240301c0a8380132d4ffffffff%24_8cc9ba6434723d3db778bc0ff9e5498f
2019-04-03 22:51:45,333   GET     200       1 ms  /3/Jobs/%240301c0a8380132d4ffffffff%24_8cc9ba6434723d3db778bc0ff9e5498f
2019-04-03 22:51:46,630   GET     200       0 ms  /3/Jobs/%240301c0a8380132d4ffffffff%24_8cc9ba6434723d3db778bc0ff9e5498f
2019-04-03 22:51:47,857   GET     200       0 ms  /3/Jobs/%240301c0a8380132d4ffffffff%24_8cc9ba6434723d3db778bc0ff9e5498f
2019-04-03 22:51:48,876   GET     200       0 ms  /3/Jobs/%240301c0a8380132d4ffffffff%24_8cc9ba6434723d3db778bc0ff9e5498f
2019-04-03 22:51:50,112   GET     200       1 ms  /3/Jobs/%240301c0a8380132d4ffffffff%24_8cc9ba6434723d3db778bc0ff9e5498f
2019-04-03 22:51:51,148   GET     200       0 ms  /3/Jobs/%240301c0a8380132d4ffffffff%24_8cc9ba6434723d3db778bc0ff9e5498f
2019-04-03 22:51:52,268   GET     200       0 ms  /3/Jobs/%240301c0a8380132d4ffffffff%24_8cc9ba6434723d3db778bc0ff9e5498f
2019-04-03 22:51:53,326   GET     200       0 ms  /3/Jobs/%240301c0a8380132d4ffffffff%24_8cc9ba6434723d3db778bc0ff9e5498f
2019-04-03 22:51:54,433   GET     200       0 ms  /3/Jobs/%240301c0a8380132d4ffffffff%24_8cc9ba6434723d3db778bc0ff9e5498f
2019-04-03 22:51:55,533   GET     200       0 ms  /3/Jobs/%240301c0a8380132d4ffffffff%24_8cc9ba6434723d3db778bc0ff9e5498f
2019-04-03 22:51:56,596   GET     200       1 ms  /3/Jobs/%240301c0a8380132d4ffffffff%24_8cc9ba6434723d3db778bc0ff9e5498f
2019-04-03 22:51:57,691   GET     200       1 ms  /3/Jobs/%240301c0a8380132d4ffffffff%24_8cc9ba6434723d3db778bc0ff9e5498f
2019-04-03 22:51:58,899   GET     200       0 ms  /3/Jobs/%240301c0a8380132d4ffffffff%24_8cc9ba6434723d3db778bc0ff9e5498f
2019-04-03 22:51:59,983   GET     200       0 ms  /3/Jobs/%240301c0a8380132d4ffffffff%24_8cc9ba6434723d3db778bc0ff9e5498f
2019-04-03 22:52:01,052   GET     200       0 ms  /3/Jobs/%240301c0a8380132d4ffffffff%24_8cc9ba6434723d3db778bc0ff9e5498f
2019-04-03 22:52:02,129   GET     200       0 ms  /3/Jobs/%240301c0a8380132d4ffffffff%24_8cc9ba6434723d3db778bc0ff9e5498f
2019-04-03 22:52:03,170   GET     200       1 ms  /3/Jobs/%240301c0a8380132d4ffffffff%24_8cc9ba6434723d3db778bc0ff9e5498f
2019-04-03 22:52:04,416   GET     200       1 ms  /3/Jobs/%240301c0a8380132d4ffffffff%24_8cc9ba6434723d3db778bc0ff9e5498f
2019-04-03 22:52:05,491   GET     200       1 ms  /3/Jobs/%240301c0a8380132d4ffffffff%24_8cc9ba6434723d3db778bc0ff9e5498f
2019-04-03 22:52:06,593   GET     200       0 ms  /3/Jobs/%240301c0a8380132d4ffffffff%24_8cc9ba6434723d3db778bc0ff9e5498f
2019-04-03 22:52:07,706   GET     200       1 ms  /3/Jobs/%240301c0a8380132d4ffffffff%24_8cc9ba6434723d3db778bc0ff9e5498f
2019-04-03 22:52:08,802   GET     200       0 ms  /3/Jobs/%240301c0a8380132d4ffffffff%24_8cc9ba6434723d3db778bc0ff9e5498f
2019-04-03 22:52:09,881   GET     200       1 ms  /3/Jobs/%240301c0a8380132d4ffffffff%24_8cc9ba6434723d3db778bc0ff9e5498f
2019-04-03 22:52:10,953   GET     200       1 ms  /3/Jobs/%240301c0a8380132d4ffffffff%24_8cc9ba6434723d3db778bc0ff9e5498f
2019-04-03 22:52:12,048   GET     200       1 ms  /3/Jobs/%240301c0a8380132d4ffffffff%24_8cc9ba6434723d3db778bc0ff9e5498f
2019-04-03 22:52:13,178   GET     200       1 ms  /3/Jobs/%240301c0a8380132d4ffffffff%24_8cc9ba6434723d3db778bc0ff9e5498f
2019-04-03 22:52:14,215   GET     200       0 ms  /3/Jobs/%240301c0a8380132d4ffffffff%24_8cc9ba6434723d3db778bc0ff9e5498f
2019-04-03 22:52:15,281   GET     200       1 ms  /3/Jobs/%240301c0a8380132d4ffffffff%24_8cc9ba6434723d3db778bc0ff9e5498f
2019-04-03 22:52:16,371   GET     200       0 ms  /3/Jobs/%240301c0a8380132d4ffffffff%24_8cc9ba6434723d3db778bc0ff9e5498f
2019-04-03 22:52:17,465   GET     200       1 ms  /3/Jobs/%240301c0a8380132d4ffffffff%24_8cc9ba6434723d3db778bc0ff9e5498f
2019-04-03 22:52:18,641   GET     200       1 ms  /3/Jobs/%240301c0a8380132d4ffffffff%24_8cc9ba6434723d3db778bc0ff9e5498f
2019-04-03 22:52:19,668   GET     200       1 ms  /3/Jobs/%240301c0a8380132d4ffffffff%24_8cc9ba6434723d3db778bc0ff9e5498f
2019-04-03 22:52:20,719   GET     200       0 ms  /3/Jobs/%240301c0a8380132d4ffffffff%24_8cc9ba6434723d3db778bc0ff9e5498f
2019-04-03 22:52:21,762   GET     200       0 ms  /3/Jobs/%240301c0a8380132d4ffffffff%24_8cc9ba6434723d3db778bc0ff9e5498f
2019-04-03 22:52:22,827   GET     200       1 ms  /3/Jobs/%240301c0a8380132d4ffffffff%24_8cc9ba6434723d3db778bc0ff9e5498f
2019-04-03 22:52:23,928   GET     200       0 ms  /3/Jobs/%240301c0a8380132d4ffffffff%24_8cc9ba6434723d3db778bc0ff9e5498f
2019-04-03 22:52:24,999   GET     200       0 ms  /3/Jobs/%240301c0a8380132d4ffffffff%24_8cc9ba6434723d3db778bc0ff9e5498f
2019-04-03 22:52:26,042   GET     200       1 ms  /3/Jobs/%240301c0a8380132d4ffffffff%24_8cc9ba6434723d3db778bc0ff9e5498f
2019-04-03 22:52:27,097   GET     200       0 ms  /3/Jobs/%240301c0a8380132d4ffffffff%24_8cc9ba6434723d3db778bc0ff9e5498f
2019-04-03 22:52:28,113   GET     200       1 ms  /3/Jobs/%240301c0a8380132d4ffffffff%24_8cc9ba6434723d3db778bc0ff9e5498f
2019-04-03 22:52:29,193   GET     200       1 ms  /3/Jobs/%240301c0a8380132d4ffffffff%24_8cc9ba6434723d3db778bc0ff9e5498f
2019-04-03 22:52:30,385   GET     200       0 ms  /3/Jobs/%240301c0a8380132d4ffffffff%24_8cc9ba6434723d3db778bc0ff9e5498f
2019-04-03 22:52:31,499   GET     200       0 ms  /3/Jobs/%240301c0a8380132d4ffffffff%24_8cc9ba6434723d3db778bc0ff9e5498f
2019-04-03 22:52:32,608   GET     200       0 ms  /3/Jobs/%240301c0a8380132d4ffffffff%24_8cc9ba6434723d3db778bc0ff9e5498f
2019-04-03 22:52:33,663   GET     200       1 ms  /3/Jobs/%240301c0a8380132d4ffffffff%24_8cc9ba6434723d3db778bc0ff9e5498f
2019-04-03 22:52:34,693   GET     200       0 ms  /3/Jobs/%240301c0a8380132d4ffffffff%24_8cc9ba6434723d3db778bc0ff9e5498f
2019-04-03 22:52:35,799   GET     200       1 ms  /3/Jobs/%240301c0a8380132d4ffffffff%24_8cc9ba6434723d3db778bc0ff9e5498f
2019-04-03 22:52:36,887   GET     200       1 ms  /3/Jobs/%240301c0a8380132d4ffffffff%24_8cc9ba6434723d3db778bc0ff9e5498f
2019-04-03 22:52:37,979   GET     200       0 ms  /3/Jobs/%240301c0a8380132d4ffffffff%24_8cc9ba6434723d3db778bc0ff9e5498f
2019-04-03 22:52:39,050   GET     200       0 ms  /3/Jobs/%240301c0a8380132d4ffffffff%24_8cc9ba6434723d3db778bc0ff9e5498f
2019-04-03 22:52:40,173   GET     200       0 ms  /3/Jobs/%240301c0a8380132d4ffffffff%24_8cc9ba6434723d3db778bc0ff9e5498f
2019-04-03 22:52:41,193   GET     200       0 ms  /3/Jobs/%240301c0a8380132d4ffffffff%24_8cc9ba6434723d3db778bc0ff9e5498f
2019-04-03 22:52:42,297   GET     200       1 ms  /3/Jobs/%240301c0a8380132d4ffffffff%24_8cc9ba6434723d3db778bc0ff9e5498f
2019-04-03 22:52:43,359   GET     200       1 ms  /3/Jobs/%240301c0a8380132d4ffffffff%24_8cc9ba6434723d3db778bc0ff9e5498f
2019-04-03 22:52:44,682   GET     200       0 ms  /3/Jobs/%240301c0a8380132d4ffffffff%24_8cc9ba6434723d3db778bc0ff9e5498f
2019-04-03 22:52:45,749   GET     200       1 ms  /3/Jobs/%240301c0a8380132d4ffffffff%24_8cc9ba6434723d3db778bc0ff9e5498f
2019-04-03 22:52:46,821   GET     200       1 ms  /3/Jobs/%240301c0a8380132d4ffffffff%24_8cc9ba6434723d3db778bc0ff9e5498f
2019-04-03 22:52:48,018   GET     200       1 ms  /3/Jobs/%240301c0a8380132d4ffffffff%24_8cc9ba6434723d3db778bc0ff9e5498f
2019-04-03 22:52:49,159   GET     200       1 ms  /3/Jobs/%240301c0a8380132d4ffffffff%24_8cc9ba6434723d3db778bc0ff9e5498f
2019-04-03 22:52:50,224   GET     200       0 ms  /3/Jobs/%240301c0a8380132d4ffffffff%24_8cc9ba6434723d3db778bc0ff9e5498f
2019-04-03 22:52:51,488   GET     200       1 ms  /3/Jobs/%240301c0a8380132d4ffffffff%24_8cc9ba6434723d3db778bc0ff9e5498f
2019-04-03 22:52:52,564   GET     200       0 ms  /3/Jobs/%240301c0a8380132d4ffffffff%24_8cc9ba6434723d3db778bc0ff9e5498f
2019-04-03 22:52:53,682   GET     200       1 ms  /3/Jobs/%240301c0a8380132d4ffffffff%24_8cc9ba6434723d3db778bc0ff9e5498f
2019-04-03 22:52:54,732   GET     200       1 ms  /3/Jobs/%240301c0a8380132d4ffffffff%24_8cc9ba6434723d3db778bc0ff9e5498f
2019-04-03 22:52:55,808   GET     200       0 ms  /3/Jobs/%240301c0a8380132d4ffffffff%24_8cc9ba6434723d3db778bc0ff9e5498f
2019-04-03 22:52:56,861   GET     200       1 ms  /3/Jobs/%240301c0a8380132d4ffffffff%24_8cc9ba6434723d3db778bc0ff9e5498f
2019-04-03 22:52:57,930   GET     200       1 ms  /3/Jobs/%240301c0a8380132d4ffffffff%24_8cc9ba6434723d3db778bc0ff9e5498f
2019-04-03 22:52:59,040   GET     200       0 ms  /3/Jobs/%240301c0a8380132d4ffffffff%24_8cc9ba6434723d3db778bc0ff9e5498f
2019-04-03 22:53:00,116   GET     200       1 ms  /3/Jobs/%240301c0a8380132d4ffffffff%24_8cc9ba6434723d3db778bc0ff9e5498f
2019-04-03 22:53:01,932   GET     200       8 ms  /3/Jobs/%240301c0a8380132d4ffffffff%24_8cc9ba6434723d3db778bc0ff9e5498f
2019-04-03 22:53:02,973   GET     200       0 ms  /3/Jobs/%240301c0a8380132d4ffffffff%24_8cc9ba6434723d3db778bc0ff9e5498f
2019-04-03 22:53:04,060   GET     200       0 ms  /3/Jobs/%240301c0a8380132d4ffffffff%24_8cc9ba6434723d3db778bc0ff9e5498f
2019-04-03 22:53:05,118   GET     200       1 ms  /3/Jobs/%240301c0a8380132d4ffffffff%24_8cc9ba6434723d3db778bc0ff9e5498f
2019-04-03 22:53:06,254   GET     200       1 ms  /3/Jobs/%240301c0a8380132d4ffffffff%24_8cc9ba6434723d3db778bc0ff9e5498f
2019-04-03 22:53:07,326   GET     200       1 ms  /3/Jobs/%240301c0a8380132d4ffffffff%24_8cc9ba6434723d3db778bc0ff9e5498f
2019-04-03 22:53:08,382   GET     200       1 ms  /3/Jobs/%240301c0a8380132d4ffffffff%24_8cc9ba6434723d3db778bc0ff9e5498f
2019-04-03 22:53:09,480   GET     200       0 ms  /3/Jobs/%240301c0a8380132d4ffffffff%24_8cc9ba6434723d3db778bc0ff9e5498f
2019-04-03 22:53:10,626   GET     200       0 ms  /3/Jobs/%240301c0a8380132d4ffffffff%24_8cc9ba6434723d3db778bc0ff9e5498f
2019-04-03 22:53:11,728   GET     200       0 ms  /3/Jobs/%240301c0a8380132d4ffffffff%24_8cc9ba6434723d3db778bc0ff9e5498f
2019-04-03 22:53:12,824   GET     200       0 ms  /3/Jobs/%240301c0a8380132d4ffffffff%24_8cc9ba6434723d3db778bc0ff9e5498f
2019-04-03 22:53:13,920   GET     200       1 ms  /3/Jobs/%240301c0a8380132d4ffffffff%24_8cc9ba6434723d3db778bc0ff9e5498f
2019-04-03 22:53:15,083   GET     200       0 ms  /3/Jobs/%240301c0a8380132d4ffffffff%24_8cc9ba6434723d3db778bc0ff9e5498f
2019-04-03 22:53:16,148   GET     200       0 ms  /3/Jobs/%240301c0a8380132d4ffffffff%24_8cc9ba6434723d3db778bc0ff9e5498f
2019-04-03 22:53:17,550   GET     200       1 ms  /3/Jobs/%240301c0a8380132d4ffffffff%24_8cc9ba6434723d3db778bc0ff9e5498f
2019-04-03 22:53:18,597   GET     200       0 ms  /3/Jobs/%240301c0a8380132d4ffffffff%24_8cc9ba6434723d3db778bc0ff9e5498f
2019-04-03 22:53:19,481   GET     200      25 ms  /3/RDDs
2019-04-03 22:53:19,666   GET     200       0 ms  /3/Jobs/%240301c0a8380132d4ffffffff%24_8cc9ba6434723d3db778bc0ff9e5498f
2019-04-03 22:53:20,735   GET     200       1 ms  /3/Jobs/%240301c0a8380132d4ffffffff%24_8cc9ba6434723d3db778bc0ff9e5498f
2019-04-03 22:53:21,807   GET     200       0 ms  /3/Jobs/%240301c0a8380132d4ffffffff%24_8cc9ba6434723d3db778bc0ff9e5498f
2019-04-03 22:53:23,422   GET     200       0 ms  /3/Jobs/%240301c0a8380132d4ffffffff%24_8cc9ba6434723d3db778bc0ff9e5498f
2019-04-03 22:53:24,486   GET     200       1 ms  /3/Jobs/%240301c0a8380132d4ffffffff%24_8cc9ba6434723d3db778bc0ff9e5498f
2019-04-03 22:53:25,553   GET     200       1 ms  /3/Jobs/%240301c0a8380132d4ffffffff%24_8cc9ba6434723d3db778bc0ff9e5498f
2019-04-03 22:53:26,632   GET     200       0 ms  /3/Jobs/%240301c0a8380132d4ffffffff%24_8cc9ba6434723d3db778bc0ff9e5498f
2019-04-03 22:53:28,407   GET     200       1 ms  /3/Jobs/%240301c0a8380132d4ffffffff%24_8cc9ba6434723d3db778bc0ff9e5498f
2019-04-03 22:53:29,448   GET     200       0 ms  /3/Jobs/%240301c0a8380132d4ffffffff%24_8cc9ba6434723d3db778bc0ff9e5498f
2019-04-03 22:53:30,581   GET     200       0 ms  /3/Jobs/%240301c0a8380132d4ffffffff%24_8cc9ba6434723d3db778bc0ff9e5498f
2019-04-03 22:53:31,652   GET     200       1 ms  /3/Jobs/%240301c0a8380132d4ffffffff%24_8cc9ba6434723d3db778bc0ff9e5498f
2019-04-03 22:53:33,834   GET     200       1 ms  /3/Jobs/%240301c0a8380132d4ffffffff%24_8cc9ba6434723d3db778bc0ff9e5498f
2019-04-03 22:53:34,916   GET     200       0 ms  /3/Jobs/%240301c0a8380132d4ffffffff%24_8cc9ba6434723d3db778bc0ff9e5498f
2019-04-03 22:53:36,123   GET     200       0 ms  /3/Jobs/%240301c0a8380132d4ffffffff%24_8cc9ba6434723d3db778bc0ff9e5498f
2019-04-03 22:53:37,183   GET     200       1 ms  /3/Jobs/%240301c0a8380132d4ffffffff%24_8cc9ba6434723d3db778bc0ff9e5498f
2019-04-03 22:53:38,270   GET     200       0 ms  /3/Jobs/%240301c0a8380132d4ffffffff%24_8cc9ba6434723d3db778bc0ff9e5498f
2019-04-03 22:53:39,385   GET     200       1 ms  /3/Jobs/%240301c0a8380132d4ffffffff%24_8cc9ba6434723d3db778bc0ff9e5498f
2019-04-03 22:53:40,395   GET     200       0 ms  /3/Jobs/%240301c0a8380132d4ffffffff%24_8cc9ba6434723d3db778bc0ff9e5498f
2019-04-03 22:53:41,495   GET     200       1 ms  /3/Jobs/%240301c0a8380132d4ffffffff%24_8cc9ba6434723d3db778bc0ff9e5498f
2019-04-03 22:53:42,581   GET     200       0 ms  /3/Jobs/%240301c0a8380132d4ffffffff%24_8cc9ba6434723d3db778bc0ff9e5498f
2019-04-03 22:53:43,637   GET     200       0 ms  /3/Jobs/%240301c0a8380132d4ffffffff%24_8cc9ba6434723d3db778bc0ff9e5498f
2019-04-03 22:53:45,020   GET     200       0 ms  /3/Jobs/%240301c0a8380132d4ffffffff%24_8cc9ba6434723d3db778bc0ff9e5498f
2019-04-03 22:53:46,150   GET     200       0 ms  /3/Jobs/%240301c0a8380132d4ffffffff%24_8cc9ba6434723d3db778bc0ff9e5498f
2019-04-03 22:53:47,237   GET     200       1 ms  /3/Jobs/%240301c0a8380132d4ffffffff%24_8cc9ba6434723d3db778bc0ff9e5498f
2019-04-03 22:53:48,328   GET     200       1 ms  /3/Jobs/%240301c0a8380132d4ffffffff%24_8cc9ba6434723d3db778bc0ff9e5498f
2019-04-03 22:53:49,434   GET     200       1 ms  /3/Jobs/%240301c0a8380132d4ffffffff%24_8cc9ba6434723d3db778bc0ff9e5498f
2019-04-03 22:53:50,446   GET     200       1 ms  /3/Jobs/%240301c0a8380132d4ffffffff%24_8cc9ba6434723d3db778bc0ff9e5498f
2019-04-03 22:53:51,537   GET     200       1 ms  /3/Jobs/%240301c0a8380132d4ffffffff%24_8cc9ba6434723d3db778bc0ff9e5498f
2019-04-03 22:53:52,649   GET     200       1 ms  /3/Jobs/%240301c0a8380132d4ffffffff%24_8cc9ba6434723d3db778bc0ff9e5498f
2019-04-03 22:53:53,735   GET     200       0 ms  /3/Jobs/%240301c0a8380132d4ffffffff%24_8cc9ba6434723d3db778bc0ff9e5498f
2019-04-03 22:53:54,950   GET     200       1 ms  /3/Jobs/%240301c0a8380132d4ffffffff%24_8cc9ba6434723d3db778bc0ff9e5498f
2019-04-03 22:53:55,383   GET     200       1 ms  /3/RDDs
2019-04-03 22:53:56,022   GET     200       0 ms  /3/Jobs/%240301c0a8380132d4ffffffff%24_8cc9ba6434723d3db778bc0ff9e5498f
2019-04-03 22:53:57,062   GET     200       1 ms  /3/Jobs/%240301c0a8380132d4ffffffff%24_8cc9ba6434723d3db778bc0ff9e5498f
2019-04-03 22:53:58,126   GET     200       0 ms  /3/Jobs/%240301c0a8380132d4ffffffff%24_8cc9ba6434723d3db778bc0ff9e5498f
2019-04-03 22:53:59,460   GET     200       1 ms  /3/Jobs/%240301c0a8380132d4ffffffff%24_8cc9ba6434723d3db778bc0ff9e5498f
2019-04-03 22:54:00,486   GET     200       1 ms  /3/Jobs/%240301c0a8380132d4ffffffff%24_8cc9ba6434723d3db778bc0ff9e5498f
2019-04-03 22:54:01,606   GET     200       1 ms  /3/Jobs/%240301c0a8380132d4ffffffff%24_8cc9ba6434723d3db778bc0ff9e5498f
2019-04-03 22:54:02,725   GET     200       0 ms  /3/Jobs/%240301c0a8380132d4ffffffff%24_8cc9ba6434723d3db778bc0ff9e5498f
2019-04-03 22:54:03,923   GET     200       0 ms  /3/Jobs/%240301c0a8380132d4ffffffff%24_8cc9ba6434723d3db778bc0ff9e5498f
2019-04-03 22:54:05,672   GET     200       0 ms  /3/Jobs/%240301c0a8380132d4ffffffff%24_8cc9ba6434723d3db778bc0ff9e5498f
2019-04-03 22:54:06,793   GET     200       0 ms  /3/Jobs/%240301c0a8380132d4ffffffff%24_8cc9ba6434723d3db778bc0ff9e5498f
2019-04-03 22:54:07,971   GET     200       1 ms  /3/Jobs/%240301c0a8380132d4ffffffff%24_8cc9ba6434723d3db778bc0ff9e5498f
2019-04-03 22:54:09,124   GET     200       1 ms  /3/Jobs/%240301c0a8380132d4ffffffff%24_8cc9ba6434723d3db778bc0ff9e5498f
2019-04-03 22:54:10,193   GET     200       1 ms  /3/Jobs/%240301c0a8380132d4ffffffff%24_8cc9ba6434723d3db778bc0ff9e5498f
2019-04-03 22:54:11,333   GET     200       1 ms  /3/Jobs/%240301c0a8380132d4ffffffff%24_8cc9ba6434723d3db778bc0ff9e5498f
2019-04-03 22:54:12,367   GET     200       1 ms  /3/Jobs/%240301c0a8380132d4ffffffff%24_8cc9ba6434723d3db778bc0ff9e5498f
2019-04-03 22:54:13,499   GET     200       1 ms  /3/Jobs/%240301c0a8380132d4ffffffff%24_8cc9ba6434723d3db778bc0ff9e5498f
2019-04-03 22:54:14,628   GET     200       0 ms  /3/Jobs/%240301c0a8380132d4ffffffff%24_8cc9ba6434723d3db778bc0ff9e5498f
2019-04-03 22:54:15,796   GET     200       1 ms  /3/Jobs/%240301c0a8380132d4ffffffff%24_8cc9ba6434723d3db778bc0ff9e5498f
2019-04-03 22:54:17,084   GET     200       0 ms  /3/Jobs/%240301c0a8380132d4ffffffff%24_8cc9ba6434723d3db778bc0ff9e5498f
2019-04-03 22:54:18,131   GET     200       1 ms  /3/Jobs/%240301c0a8380132d4ffffffff%24_8cc9ba6434723d3db778bc0ff9e5498f
2019-04-03 22:54:19,265   GET     200       0 ms  /3/Jobs/%240301c0a8380132d4ffffffff%24_8cc9ba6434723d3db778bc0ff9e5498f
2019-04-03 22:54:20,351   GET     200       1 ms  /3/Jobs/%240301c0a8380132d4ffffffff%24_8cc9ba6434723d3db778bc0ff9e5498f
2019-04-03 22:54:21,458   GET     200       0 ms  /3/Jobs/%240301c0a8380132d4ffffffff%24_8cc9ba6434723d3db778bc0ff9e5498f
2019-04-03 22:54:22,643   GET     200       1 ms  /3/Jobs/%240301c0a8380132d4ffffffff%24_8cc9ba6434723d3db778bc0ff9e5498f
2019-04-03 22:54:23,803   GET     200       1 ms  /3/Jobs/%240301c0a8380132d4ffffffff%24_8cc9ba6434723d3db778bc0ff9e5498f
2019-04-03 22:54:25,433   GET     200       1 ms  /3/Jobs/%240301c0a8380132d4ffffffff%24_8cc9ba6434723d3db778bc0ff9e5498f
2019-04-03 22:54:26,657   GET     200       1 ms  /3/Jobs/%240301c0a8380132d4ffffffff%24_8cc9ba6434723d3db778bc0ff9e5498f
2019-04-03 22:54:27,762   GET     200       1 ms  /3/Jobs/%240301c0a8380132d4ffffffff%24_8cc9ba6434723d3db778bc0ff9e5498f
2019-04-03 22:54:28,854   GET     200       0 ms  /3/Jobs/%240301c0a8380132d4ffffffff%24_8cc9ba6434723d3db778bc0ff9e5498f
2019-04-03 22:54:29,964   GET     200       0 ms  /3/Jobs/%240301c0a8380132d4ffffffff%24_8cc9ba6434723d3db778bc0ff9e5498f
2019-04-03 22:54:30,992   GET     200       0 ms  /3/Jobs/%240301c0a8380132d4ffffffff%24_8cc9ba6434723d3db778bc0ff9e5498f
2019-04-03 22:54:32,492   GET     200       0 ms  /3/Jobs/%240301c0a8380132d4ffffffff%24_8cc9ba6434723d3db778bc0ff9e5498f
2019-04-03 22:54:33,533   GET     200       0 ms  /3/Jobs/%240301c0a8380132d4ffffffff%24_8cc9ba6434723d3db778bc0ff9e5498f
2019-04-03 22:54:34,925   GET     200       0 ms  /3/Jobs/%240301c0a8380132d4ffffffff%24_8cc9ba6434723d3db778bc0ff9e5498f
2019-04-03 22:54:35,960   GET     200       0 ms  /3/Jobs/%240301c0a8380132d4ffffffff%24_8cc9ba6434723d3db778bc0ff9e5498f
2019-04-03 22:54:37,284   GET     200       1 ms  /3/Jobs/%240301c0a8380132d4ffffffff%24_8cc9ba6434723d3db778bc0ff9e5498f
2019-04-03 22:54:38,354   GET     200       1 ms  /3/Jobs/%240301c0a8380132d4ffffffff%24_8cc9ba6434723d3db778bc0ff9e5498f
2019-04-03 22:54:39,656   GET     200       1 ms  /3/Jobs/%240301c0a8380132d4ffffffff%24_8cc9ba6434723d3db778bc0ff9e5498f
2019-04-03 22:54:40,712   GET     200       0 ms  /3/Jobs/%240301c0a8380132d4ffffffff%24_8cc9ba6434723d3db778bc0ff9e5498f
2019-04-03 22:54:42,054   GET     200       0 ms  /3/Jobs/%240301c0a8380132d4ffffffff%24_8cc9ba6434723d3db778bc0ff9e5498f
2019-04-03 22:54:43,092   GET     200       0 ms  /3/Jobs/%240301c0a8380132d4ffffffff%24_8cc9ba6434723d3db778bc0ff9e5498f
2019-04-03 22:54:44,481   GET     200       1 ms  /3/Jobs/%240301c0a8380132d4ffffffff%24_8cc9ba6434723d3db778bc0ff9e5498f
2019-04-03 22:54:45,511   GET     200       1 ms  /3/Jobs/%240301c0a8380132d4ffffffff%24_8cc9ba6434723d3db778bc0ff9e5498f
2019-04-03 22:54:46,757   GET     200       0 ms  /3/Jobs/%240301c0a8380132d4ffffffff%24_8cc9ba6434723d3db778bc0ff9e5498f
2019-04-03 22:54:47,839   GET     200       0 ms  /3/Jobs/%240301c0a8380132d4ffffffff%24_8cc9ba6434723d3db778bc0ff9e5498f
2019-04-03 22:54:49,348   GET     200       1 ms  /3/Jobs/%240301c0a8380132d4ffffffff%24_8cc9ba6434723d3db778bc0ff9e5498f
2019-04-03 22:54:50,395   GET     200       0 ms  /3/Jobs/%240301c0a8380132d4ffffffff%24_8cc9ba6434723d3db778bc0ff9e5498f
2019-04-03 22:54:51,842   GET     200       1 ms  /3/Jobs/%240301c0a8380132d4ffffffff%24_8cc9ba6434723d3db778bc0ff9e5498f
2019-04-03 22:54:52,890   GET     200       1 ms  /3/Jobs/%240301c0a8380132d4ffffffff%24_8cc9ba6434723d3db778bc0ff9e5498f
2019-04-03 22:54:54,328   GET     200       1 ms  /3/Jobs/%240301c0a8380132d4ffffffff%24_8cc9ba6434723d3db778bc0ff9e5498f
2019-04-03 22:54:55,398   GET     200       1 ms  /3/Jobs/%240301c0a8380132d4ffffffff%24_8cc9ba6434723d3db778bc0ff9e5498f
2019-04-03 22:54:56,792   GET     200       1 ms  /3/Jobs/%240301c0a8380132d4ffffffff%24_8cc9ba6434723d3db778bc0ff9e5498f
2019-04-03 22:54:57,856   GET     200       1 ms  /3/Jobs/%240301c0a8380132d4ffffffff%24_8cc9ba6434723d3db778bc0ff9e5498f
2019-04-03 22:54:59,277   GET     200       1 ms  /3/Jobs/%240301c0a8380132d4ffffffff%24_8cc9ba6434723d3db778bc0ff9e5498f
2019-04-03 22:55:00,324   GET     200       0 ms  /3/Jobs/%240301c0a8380132d4ffffffff%24_8cc9ba6434723d3db778bc0ff9e5498f
2019-04-03 22:55:00,690   GET     400     222 ms  /3/dataframes
2019-04-03 22:55:01,947   GET     200       0 ms  /3/Jobs/%240301c0a8380132d4ffffffff%24_8cc9ba6434723d3db778bc0ff9e5498f
2019-04-03 22:55:01,995   GET     200    1251 ms  /flow/js/flow.js
2019-04-03 22:55:03,000   GET     200       1 ms  /3/Jobs/%240301c0a8380132d4ffffffff%24_8cc9ba6434723d3db778bc0ff9e5498f
2019-04-03 22:55:04,508   GET     200       0 ms  /3/Jobs/%240301c0a8380132d4ffffffff%24_8cc9ba6434723d3db778bc0ff9e5498f
2019-04-03 22:55:05,569   GET     200       0 ms  /3/Jobs/%240301c0a8380132d4ffffffff%24_8cc9ba6434723d3db778bc0ff9e5498f
2019-04-03 22:55:06,645   GET     200       0 ms  /3/Jobs/%240301c0a8380132d4ffffffff%24_8cc9ba6434723d3db778bc0ff9e5498f
2019-04-03 22:55:08,323   GET     200       1 ms  /3/Jobs/%240301c0a8380132d4ffffffff%24_8cc9ba6434723d3db778bc0ff9e5498f
2019-04-03 22:55:08,569   GET     400       3 ms  /3/dataframes
2019-04-03 22:55:09,363   GET     200       0 ms  /3/Jobs/%240301c0a8380132d4ffffffff%24_8cc9ba6434723d3db778bc0ff9e5498f
2019-04-03 22:55:10,845   GET     200       1 ms  /3/Jobs/%240301c0a8380132d4ffffffff%24_8cc9ba6434723d3db778bc0ff9e5498f
2019-04-03 22:55:11,885   GET     200       1 ms  /3/Jobs/%240301c0a8380132d4ffffffff%24_8cc9ba6434723d3db778bc0ff9e5498f
2019-04-03 22:55:13,350   GET     200       0 ms  /3/Jobs/%240301c0a8380132d4ffffffff%24_8cc9ba6434723d3db778bc0ff9e5498f
2019-04-03 22:55:14,394   GET     200       0 ms  /3/Jobs/%240301c0a8380132d4ffffffff%24_8cc9ba6434723d3db778bc0ff9e5498f
2019-04-03 22:55:15,836   GET     200       0 ms  /3/Jobs/%240301c0a8380132d4ffffffff%24_8cc9ba6434723d3db778bc0ff9e5498f
2019-04-03 22:55:16,865   GET     200       0 ms  /3/Jobs/%240301c0a8380132d4ffffffff%24_8cc9ba6434723d3db778bc0ff9e5498f
2019-04-03 22:55:18,336   GET     200       1 ms  /3/Jobs/%240301c0a8380132d4ffffffff%24_8cc9ba6434723d3db778bc0ff9e5498f
2019-04-03 22:55:19,371   GET     200       0 ms  /3/Jobs/%240301c0a8380132d4ffffffff%24_8cc9ba6434723d3db778bc0ff9e5498f
2019-04-03 22:55:20,782   GET     200       0 ms  /3/Jobs/%240301c0a8380132d4ffffffff%24_8cc9ba6434723d3db778bc0ff9e5498f
2019-04-03 22:55:21,817   GET     200       1 ms  /3/Jobs/%240301c0a8380132d4ffffffff%24_8cc9ba6434723d3db778bc0ff9e5498f
2019-04-03 22:55:22,998   GET     200      15 ms  /3/Jobs/%240301c0a8380132d4ffffffff%24_8cc9ba6434723d3db778bc0ff9e5498f
2019-04-03 22:55:24,050   GET     200       1 ms  /3/Jobs/%240301c0a8380132d4ffffffff%24_8cc9ba6434723d3db778bc0ff9e5498f
2019-04-03 22:55:25,083   GET     200       1 ms  /3/Jobs/%240301c0a8380132d4ffffffff%24_8cc9ba6434723d3db778bc0ff9e5498f
2019-04-03 22:55:26,160   GET     200       1 ms  /3/Jobs/%240301c0a8380132d4ffffffff%24_8cc9ba6434723d3db778bc0ff9e5498f
2019-04-03 22:55:27,186   GET     200       0 ms  /3/Jobs/%240301c0a8380132d4ffffffff%24_8cc9ba6434723d3db778bc0ff9e5498f
2019-04-03 22:55:28,214   GET     200       1 ms  /3/Jobs/%240301c0a8380132d4ffffffff%24_8cc9ba6434723d3db778bc0ff9e5498f
2019-04-03 22:55:29,244   GET     200       1 ms  /3/Jobs/%240301c0a8380132d4ffffffff%24_8cc9ba6434723d3db778bc0ff9e5498f
2019-04-03 22:55:29,509   GET     200       8 ms  /3/Frames/frame_rdd_64_a2071ab768d23436a992a80d0c4640d4/summary
2019-04-03 22:55:30,794   GET     200       1 ms  /3/Jobs/%240301c0a8380132d4ffffffff%24_8cc9ba6434723d3db778bc0ff9e5498f
2019-04-03 22:55:30,946   POST    200    1410 ms  /99/Rapids
2019-04-03 22:55:30,991   GET     200      11 ms  /3/Frames/frame_rdd_64_a2071ab768d23436a992a80d0c4640d4/columns/PassengerId/summary
2019-04-03 22:55:31,299   GET     200       4 ms  /flow/fonts/SourceCodePro-Bold.ttf.woff2
2019-04-03 22:55:31,846   GET     200       1 ms  /3/Jobs/%240301c0a8380132d4ffffffff%24_8cc9ba6434723d3db778bc0ff9e5498f
2019-04-03 22:55:33,429   GET     200       1 ms  /3/Jobs/%240301c0a8380132d4ffffffff%24_8cc9ba6434723d3db778bc0ff9e5498f
2019-04-03 22:55:34,766   GET     200       1 ms  /3/Jobs/%240301c0a8380132d4ffffffff%24_8cc9ba6434723d3db778bc0ff9e5498f
2019-04-03 22:55:36,400   GET     200       0 ms  /3/Jobs/%240301c0a8380132d4ffffffff%24_8cc9ba6434723d3db778bc0ff9e5498f
2019-04-03 22:55:37,460   GET     200       1 ms  /3/Jobs/%240301c0a8380132d4ffffffff%24_8cc9ba6434723d3db778bc0ff9e5498f
2019-04-03 22:55:38,606   GET     200       0 ms  /3/Jobs/%240301c0a8380132d4ffffffff%24_8cc9ba6434723d3db778bc0ff9e5498f
2019-04-03 22:55:39,768   GET     200       0 ms  /3/Jobs/%240301c0a8380132d4ffffffff%24_8cc9ba6434723d3db778bc0ff9e5498f
2019-04-03 22:55:40,935   GET     200       0 ms  /3/Jobs/%240301c0a8380132d4ffffffff%24_8cc9ba6434723d3db778bc0ff9e5498f
2019-04-03 22:55:42,099   GET     200       0 ms  /3/Jobs/%240301c0a8380132d4ffffffff%24_8cc9ba6434723d3db778bc0ff9e5498f
2019-04-03 22:55:43,272   GET     200       0 ms  /3/Jobs/%240301c0a8380132d4ffffffff%24_8cc9ba6434723d3db778bc0ff9e5498f
2019-04-03 22:55:44,413   GET     200       0 ms  /3/Jobs/%240301c0a8380132d4ffffffff%24_8cc9ba6434723d3db778bc0ff9e5498f
2019-04-03 22:55:45,555   GET     200       1 ms  /3/Jobs/%240301c0a8380132d4ffffffff%24_8cc9ba6434723d3db778bc0ff9e5498f
2019-04-03 22:55:46,688   GET     200       0 ms  /3/Jobs/%240301c0a8380132d4ffffffff%24_8cc9ba6434723d3db778bc0ff9e5498f
2019-04-03 22:55:47,766   GET     200       0 ms  /3/Jobs/%240301c0a8380132d4ffffffff%24_8cc9ba6434723d3db778bc0ff9e5498f
2019-04-03 22:55:48,938   GET     200       0 ms  /3/Jobs/%240301c0a8380132d4ffffffff%24_8cc9ba6434723d3db778bc0ff9e5498f
2019-04-03 22:55:50,072   GET     200       1 ms  /3/Jobs/%240301c0a8380132d4ffffffff%24_8cc9ba6434723d3db778bc0ff9e5498f
2019-04-03 22:55:51,147   GET     200       1 ms  /3/Jobs/%240301c0a8380132d4ffffffff%24_8cc9ba6434723d3db778bc0ff9e5498f
2019-04-03 22:55:52,249   GET     200       0 ms  /3/Jobs/%240301c0a8380132d4ffffffff%24_8cc9ba6434723d3db778bc0ff9e5498f
2019-04-03 22:55:53,354   GET     200       1 ms  /3/Jobs/%240301c0a8380132d4ffffffff%24_8cc9ba6434723d3db778bc0ff9e5498f
2019-04-03 22:55:54,421   GET     200       0 ms  /3/Jobs/%240301c0a8380132d4ffffffff%24_8cc9ba6434723d3db778bc0ff9e5498f
2019-04-03 22:55:55,507   GET     200       0 ms  /3/Jobs/%240301c0a8380132d4ffffffff%24_8cc9ba6434723d3db778bc0ff9e5498f
2019-04-03 22:55:56,536   GET     200       1 ms  /3/Jobs/%240301c0a8380132d4ffffffff%24_8cc9ba6434723d3db778bc0ff9e5498f
2019-04-03 22:55:57,647   GET     200       1 ms  /3/Jobs/%240301c0a8380132d4ffffffff%24_8cc9ba6434723d3db778bc0ff9e5498f
2019-04-03 22:55:58,816   GET     200       1 ms  /3/Jobs/%240301c0a8380132d4ffffffff%24_8cc9ba6434723d3db778bc0ff9e5498f
2019-04-03 22:55:59,903   GET     200       1 ms  /3/Jobs/%240301c0a8380132d4ffffffff%24_8cc9ba6434723d3db778bc0ff9e5498f
2019-04-03 22:56:01,010   GET     200       0 ms  /3/Jobs/%240301c0a8380132d4ffffffff%24_8cc9ba6434723d3db778bc0ff9e5498f
2019-04-03 22:56:02,053   GET     200       0 ms  /3/Jobs/%240301c0a8380132d4ffffffff%24_8cc9ba6434723d3db778bc0ff9e5498f
2019-04-03 22:56:03,125   GET     200       0 ms  /3/Jobs/%240301c0a8380132d4ffffffff%24_8cc9ba6434723d3db778bc0ff9e5498f
2019-04-03 22:56:04,136   GET     200       0 ms  /3/Jobs/%240301c0a8380132d4ffffffff%24_8cc9ba6434723d3db778bc0ff9e5498f
2019-04-03 22:56:05,190   GET     200       1 ms  /3/Jobs/%240301c0a8380132d4ffffffff%24_8cc9ba6434723d3db778bc0ff9e5498f
2019-04-03 22:56:05,192   GET     200       3 ms  /3/Frames/frame_rdd_64_a2071ab768d23436a992a80d0c4640d4/summary
2019-04-03 22:56:05,199   POST    200       3 ms  /99/Rapids
2019-04-03 22:56:05,206   GET     200       2 ms  /3/Frames/frame_rdd_64_a2071ab768d23436a992a80d0c4640d4/columns/Pclass/summary
2019-04-03 22:56:06,374   GET     200       0 ms  /3/Jobs/%240301c0a8380132d4ffffffff%24_8cc9ba6434723d3db778bc0ff9e5498f
2019-04-03 22:56:07,485   GET     200       1 ms  /3/Jobs/%240301c0a8380132d4ffffffff%24_8cc9ba6434723d3db778bc0ff9e5498f
2019-04-03 22:56:08,506   GET     200       1 ms  /3/Jobs/%240301c0a8380132d4ffffffff%24_8cc9ba6434723d3db778bc0ff9e5498f
2019-04-03 22:56:09,616   GET     200       1 ms  /3/Jobs/%240301c0a8380132d4ffffffff%24_8cc9ba6434723d3db778bc0ff9e5498f
2019-04-03 22:56:10,716   GET     200       0 ms  /3/Jobs/%240301c0a8380132d4ffffffff%24_8cc9ba6434723d3db778bc0ff9e5498f
2019-04-03 22:56:11,759   GET     200       1 ms  /3/Jobs/%240301c0a8380132d4ffffffff%24_8cc9ba6434723d3db778bc0ff9e5498f
2019-04-03 22:56:12,826   GET     200       1 ms  /3/Jobs/%240301c0a8380132d4ffffffff%24_8cc9ba6434723d3db778bc0ff9e5498f
2019-04-03 22:56:13,933   GET     200       0 ms  /3/Jobs/%240301c0a8380132d4ffffffff%24_8cc9ba6434723d3db778bc0ff9e5498f
2019-04-03 22:56:14,941   GET     200       1 ms  /3/Jobs/%240301c0a8380132d4ffffffff%24_8cc9ba6434723d3db778bc0ff9e5498f
2019-04-03 22:56:15,977   GET     200       0 ms  /3/Jobs/%240301c0a8380132d4ffffffff%24_8cc9ba6434723d3db778bc0ff9e5498f
2019-04-03 22:56:17,039   GET     200       0 ms  /3/Jobs/%240301c0a8380132d4ffffffff%24_8cc9ba6434723d3db778bc0ff9e5498f
2019-04-03 22:56:18,118   GET     200       0 ms  /3/Jobs/%240301c0a8380132d4ffffffff%24_8cc9ba6434723d3db778bc0ff9e5498f
2019-04-03 22:56:19,206   GET     200       0 ms  /3/Jobs/%240301c0a8380132d4ffffffff%24_8cc9ba6434723d3db778bc0ff9e5498f
2019-04-03 22:56:20,264   GET     200       1 ms  /3/Jobs/%240301c0a8380132d4ffffffff%24_8cc9ba6434723d3db778bc0ff9e5498f
2019-04-03 22:56:21,344   GET     200       1 ms  /3/Jobs/%240301c0a8380132d4ffffffff%24_8cc9ba6434723d3db778bc0ff9e5498f
2019-04-03 22:56:22,353   GET     200       1 ms  /3/Jobs/%240301c0a8380132d4ffffffff%24_8cc9ba6434723d3db778bc0ff9e5498f
2019-04-03 22:56:23,371   GET     200       0 ms  /3/Jobs/%240301c0a8380132d4ffffffff%24_8cc9ba6434723d3db778bc0ff9e5498f
2019-04-03 22:56:24,451   GET     200       0 ms  /3/Jobs/%240301c0a8380132d4ffffffff%24_8cc9ba6434723d3db778bc0ff9e5498f
2019-04-03 22:56:25,534   GET     200       1 ms  /3/Jobs/%240301c0a8380132d4ffffffff%24_8cc9ba6434723d3db778bc0ff9e5498f
2019-04-03 22:56:26,614   GET     200       0 ms  /3/Jobs/%240301c0a8380132d4ffffffff%24_8cc9ba6434723d3db778bc0ff9e5498f
2019-04-03 22:56:27,671   GET     200       0 ms  /3/Jobs/%240301c0a8380132d4ffffffff%24_8cc9ba6434723d3db778bc0ff9e5498f
2019-04-03 22:56:28,727   GET     200       0 ms  /3/Jobs/%240301c0a8380132d4ffffffff%24_8cc9ba6434723d3db778bc0ff9e5498f
2019-04-03 22:56:29,790   GET     200       1 ms  /3/Jobs/%240301c0a8380132d4ffffffff%24_8cc9ba6434723d3db778bc0ff9e5498f
2019-04-03 22:56:30,855   GET     200       0 ms  /3/Jobs/%240301c0a8380132d4ffffffff%24_8cc9ba6434723d3db778bc0ff9e5498f
2019-04-03 22:56:31,893   GET     200       1 ms  /3/Jobs/%240301c0a8380132d4ffffffff%24_8cc9ba6434723d3db778bc0ff9e5498f
2019-04-03 22:56:33,042   GET     200       1 ms  /3/Jobs/%240301c0a8380132d4ffffffff%24_8cc9ba6434723d3db778bc0ff9e5498f
2019-04-03 22:56:34,312   GET     200       1 ms  /3/Jobs/%240301c0a8380132d4ffffffff%24_8cc9ba6434723d3db778bc0ff9e5498f
2019-04-03 22:56:35,495   GET     200       1 ms  /3/Jobs/%240301c0a8380132d4ffffffff%24_8cc9ba6434723d3db778bc0ff9e5498f
2019-04-03 22:56:43,749   GET     200    1512 ms  /3/Jobs/%240301c0a8380132d4ffffffff%24_8cc9ba6434723d3db778bc0ff9e5498f
2019-04-03 22:56:43,751   GET     200     531 ms  /3/Frames/frame_rdd_64_a2071ab768d23436a992a80d0c4640d4/columns/Pclass/summary
2019-04-03 22:56:45,054   GET     200       1 ms  /3/Jobs/%240301c0a8380132d4ffffffff%24_8cc9ba6434723d3db778bc0ff9e5498f
2019-04-03 22:56:46,106   GET     200       0 ms  /3/Jobs/%240301c0a8380132d4ffffffff%24_8cc9ba6434723d3db778bc0ff9e5498f
2019-04-03 22:56:47,221   GET     200       1 ms  /3/Jobs/%240301c0a8380132d4ffffffff%24_8cc9ba6434723d3db778bc0ff9e5498f
2019-04-03 22:56:48,227   GET     200       1 ms  /3/Jobs/%240301c0a8380132d4ffffffff%24_8cc9ba6434723d3db778bc0ff9e5498f
2019-04-03 22:56:48,752   GET     200       2 ms  /3/Frames/frame_rdd_64_a2071ab768d23436a992a80d0c4640d4/columns/Pclass/summary
2019-04-03 22:56:49,266   GET     200       1 ms  /3/Jobs/%240301c0a8380132d4ffffffff%24_8cc9ba6434723d3db778bc0ff9e5498f
2019-04-03 22:56:50,287   GET     200       1 ms  /3/Jobs/%240301c0a8380132d4ffffffff%24_8cc9ba6434723d3db778bc0ff9e5498f
2019-04-03 22:56:50,826   GET     200       1 ms  /3/Frames/frame_rdd_64_a2071ab768d23436a992a80d0c4640d4/columns/Pclass/summary
2019-04-03 22:56:51,358   GET     200       1 ms  /3/Jobs/%240301c0a8380132d4ffffffff%24_8cc9ba6434723d3db778bc0ff9e5498f
2019-04-03 22:56:52,387   GET     200       1 ms  /3/Jobs/%240301c0a8380132d4ffffffff%24_8cc9ba6434723d3db778bc0ff9e5498f
2019-04-03 22:56:53,466   GET     200       0 ms  /3/Jobs/%240301c0a8380132d4ffffffff%24_8cc9ba6434723d3db778bc0ff9e5498f
2019-04-03 22:56:54,546   GET     200       0 ms  /3/Jobs/%240301c0a8380132d4ffffffff%24_8cc9ba6434723d3db778bc0ff9e5498f
2019-04-03 22:56:55,558   GET     200       1 ms  /3/Jobs/%240301c0a8380132d4ffffffff%24_8cc9ba6434723d3db778bc0ff9e5498f
2019-04-03 22:56:56,619   GET     200       0 ms  /3/Jobs/%240301c0a8380132d4ffffffff%24_8cc9ba6434723d3db778bc0ff9e5498f
2019-04-03 22:56:57,639   GET     200       1 ms  /3/Jobs/%240301c0a8380132d4ffffffff%24_8cc9ba6434723d3db778bc0ff9e5498f
2019-04-03 22:56:58,730   GET     200       1 ms  /3/Jobs/%240301c0a8380132d4ffffffff%24_8cc9ba6434723d3db778bc0ff9e5498f
2019-04-03 22:56:59,737   GET     200       0 ms  /3/Jobs/%240301c0a8380132d4ffffffff%24_8cc9ba6434723d3db778bc0ff9e5498f
2019-04-03 22:57:00,204   GET     200       1 ms  /3/Frames/frame_rdd_64_a2071ab768d23436a992a80d0c4640d4/columns/Pclass/summary
2019-04-03 22:57:00,756   GET     200       0 ms  /3/Jobs/%240301c0a8380132d4ffffffff%24_8cc9ba6434723d3db778bc0ff9e5498f
2019-04-03 22:57:01,808   GET     200       1 ms  /3/Jobs/%240301c0a8380132d4ffffffff%24_8cc9ba6434723d3db778bc0ff9e5498f
2019-04-03 22:57:02,898   GET     200       1 ms  /3/Jobs/%240301c0a8380132d4ffffffff%24_8cc9ba6434723d3db778bc0ff9e5498f
2019-04-03 22:57:03,972   GET     200       1 ms  /3/Jobs/%240301c0a8380132d4ffffffff%24_8cc9ba6434723d3db778bc0ff9e5498f
2019-04-03 22:57:05,054   GET     200       0 ms  /3/Jobs/%240301c0a8380132d4ffffffff%24_8cc9ba6434723d3db778bc0ff9e5498f
2019-04-03 22:57:06,133   GET     200       1 ms  /3/Jobs/%240301c0a8380132d4ffffffff%24_8cc9ba6434723d3db778bc0ff9e5498f
2019-04-03 22:57:07,165   GET     200       1 ms  /3/Jobs/%240301c0a8380132d4ffffffff%24_8cc9ba6434723d3db778bc0ff9e5498f
2019-04-03 22:57:08,224   GET     200       0 ms  /3/Jobs/%240301c0a8380132d4ffffffff%24_8cc9ba6434723d3db778bc0ff9e5498f
2019-04-03 22:57:09,300   GET     200       1 ms  /3/Jobs/%240301c0a8380132d4ffffffff%24_8cc9ba6434723d3db778bc0ff9e5498f
2019-04-03 22:57:09,799   GET     200       1 ms  /3/Frames/frame_rdd_64_a2071ab768d23436a992a80d0c4640d4/columns/Pclass/summary
2019-04-03 22:57:10,777   GET     200       0 ms  /3/Jobs/%240301c0a8380132d4ffffffff%24_8cc9ba6434723d3db778bc0ff9e5498f
2019-04-03 22:57:11,811   GET     200       1 ms  /3/Jobs/%240301c0a8380132d4ffffffff%24_8cc9ba6434723d3db778bc0ff9e5498f
2019-04-03 22:57:12,839   GET     200       0 ms  /3/Jobs/%240301c0a8380132d4ffffffff%24_8cc9ba6434723d3db778bc0ff9e5498f
2019-04-03 22:57:13,884   GET     200       0 ms  /3/Jobs/%240301c0a8380132d4ffffffff%24_8cc9ba6434723d3db778bc0ff9e5498f
2019-04-03 22:57:14,960   GET     200       1 ms  /3/Jobs/%240301c0a8380132d4ffffffff%24_8cc9ba6434723d3db778bc0ff9e5498f
2019-04-03 22:57:15,988   GET     200       0 ms  /3/Jobs/%240301c0a8380132d4ffffffff%24_8cc9ba6434723d3db778bc0ff9e5498f
2019-04-03 22:57:17,027   GET     200       1 ms  /3/Jobs/%240301c0a8380132d4ffffffff%24_8cc9ba6434723d3db778bc0ff9e5498f
2019-04-03 22:57:18,040   GET     200       1 ms  /3/Jobs/%240301c0a8380132d4ffffffff%24_8cc9ba6434723d3db778bc0ff9e5498f
2019-04-03 22:57:19,053   GET     200       1 ms  /3/Jobs/%240301c0a8380132d4ffffffff%24_8cc9ba6434723d3db778bc0ff9e5498f
2019-04-03 22:57:20,075   GET     200       0 ms  /3/Jobs/%240301c0a8380132d4ffffffff%24_8cc9ba6434723d3db778bc0ff9e5498f
2019-04-03 22:57:21,089   GET     200       1 ms  /3/Jobs/%240301c0a8380132d4ffffffff%24_8cc9ba6434723d3db778bc0ff9e5498f
2019-04-03 22:57:22,096   GET     200       0 ms  /3/Jobs/%240301c0a8380132d4ffffffff%24_8cc9ba6434723d3db778bc0ff9e5498f
2019-04-03 22:57:23,155   GET     200       0 ms  /3/Jobs/%240301c0a8380132d4ffffffff%24_8cc9ba6434723d3db778bc0ff9e5498f
2019-04-03 22:57:24,180   GET     200       0 ms  /3/Jobs/%240301c0a8380132d4ffffffff%24_8cc9ba6434723d3db778bc0ff9e5498f
2019-04-03 22:57:25,230   GET     200       1 ms  /3/Jobs/%240301c0a8380132d4ffffffff%24_8cc9ba6434723d3db778bc0ff9e5498f
2019-04-03 22:57:26,259   GET     200       0 ms  /3/Jobs/%240301c0a8380132d4ffffffff%24_8cc9ba6434723d3db778bc0ff9e5498f
2019-04-03 22:57:27,371   GET     200       1 ms  /3/Jobs/%240301c0a8380132d4ffffffff%24_8cc9ba6434723d3db778bc0ff9e5498f
2019-04-03 22:57:28,424   GET     200       1 ms  /3/Jobs/%240301c0a8380132d4ffffffff%24_8cc9ba6434723d3db778bc0ff9e5498f
2019-04-03 22:57:28,425   GET     200       2 ms  /3/Frames/frame_rdd_64_a2071ab768d23436a992a80d0c4640d4/columns/Pclass/summary
2019-04-03 22:57:29,493   GET     200       0 ms  /3/Jobs/%240301c0a8380132d4ffffffff%24_8cc9ba6434723d3db778bc0ff9e5498f
2019-04-03 22:57:30,580   GET     200       1 ms  /3/Jobs/%240301c0a8380132d4ffffffff%24_8cc9ba6434723d3db778bc0ff9e5498f
2019-04-03 22:57:31,661   GET     200       0 ms  /3/Jobs/%240301c0a8380132d4ffffffff%24_8cc9ba6434723d3db778bc0ff9e5498f
2019-04-03 22:57:32,773   GET     200       0 ms  /3/Jobs/%240301c0a8380132d4ffffffff%24_8cc9ba6434723d3db778bc0ff9e5498f
2019-04-03 22:57:33,824   GET     200       1 ms  /3/Jobs/%240301c0a8380132d4ffffffff%24_8cc9ba6434723d3db778bc0ff9e5498f
2019-04-03 22:57:34,910   GET     200       1 ms  /3/Jobs/%240301c0a8380132d4ffffffff%24_8cc9ba6434723d3db778bc0ff9e5498f
2019-04-03 22:57:35,923   GET     200       1 ms  /3/Jobs/%240301c0a8380132d4ffffffff%24_8cc9ba6434723d3db778bc0ff9e5498f
2019-04-03 22:57:37,032   GET     200       0 ms  /3/Jobs/%240301c0a8380132d4ffffffff%24_8cc9ba6434723d3db778bc0ff9e5498f
2019-04-03 22:57:38,075   GET     200       1 ms  /3/Jobs/%240301c0a8380132d4ffffffff%24_8cc9ba6434723d3db778bc0ff9e5498f
2019-04-03 22:57:39,136   GET     200       0 ms  /3/Jobs/%240301c0a8380132d4ffffffff%24_8cc9ba6434723d3db778bc0ff9e5498f
2019-04-03 22:57:40,211   GET     200       0 ms  /3/Jobs/%240301c0a8380132d4ffffffff%24_8cc9ba6434723d3db778bc0ff9e5498f
2019-04-03 22:57:41,285   GET     200       1 ms  /3/Jobs/%240301c0a8380132d4ffffffff%24_8cc9ba6434723d3db778bc0ff9e5498f
2019-04-03 22:57:42,415   GET     200       0 ms  /3/Jobs/%240301c0a8380132d4ffffffff%24_8cc9ba6434723d3db778bc0ff9e5498f
2019-04-03 22:57:43,423   GET     200       1 ms  /3/Jobs/%240301c0a8380132d4ffffffff%24_8cc9ba6434723d3db778bc0ff9e5498f
2019-04-03 22:57:44,475   GET     200       0 ms  /3/Jobs/%240301c0a8380132d4ffffffff%24_8cc9ba6434723d3db778bc0ff9e5498f
2019-04-03 22:57:45,551   GET     200       1 ms  /3/Jobs/%240301c0a8380132d4ffffffff%24_8cc9ba6434723d3db778bc0ff9e5498f
2019-04-03 22:57:46,567   GET     200       0 ms  /3/Jobs/%240301c0a8380132d4ffffffff%24_8cc9ba6434723d3db778bc0ff9e5498f
2019-04-03 22:57:47,574   GET     200       1 ms  /3/Jobs/%240301c0a8380132d4ffffffff%24_8cc9ba6434723d3db778bc0ff9e5498f
2019-04-03 22:57:48,630   GET     200       0 ms  /3/Jobs/%240301c0a8380132d4ffffffff%24_8cc9ba6434723d3db778bc0ff9e5498f
2019-04-03 22:57:49,734   GET     200       0 ms  /3/Jobs/%240301c0a8380132d4ffffffff%24_8cc9ba6434723d3db778bc0ff9e5498f
2019-04-03 22:57:51,275   GET     200     513 ms  /3/Jobs/%240301c0a8380132d4ffffffff%24_8cc9ba6434723d3db778bc0ff9e5498f
2019-04-03 22:57:52,375   GET     200       0 ms  /3/Jobs/%240301c0a8380132d4ffffffff%24_8cc9ba6434723d3db778bc0ff9e5498f
2019-04-03 22:57:53,424   GET     200       1 ms  /3/Jobs/%240301c0a8380132d4ffffffff%24_8cc9ba6434723d3db778bc0ff9e5498f
2019-04-03 22:57:54,465   GET     200       0 ms  /3/Jobs/%240301c0a8380132d4ffffffff%24_8cc9ba6434723d3db778bc0ff9e5498f
2019-04-03 22:57:55,486   GET     200       1 ms  /3/Jobs/%240301c0a8380132d4ffffffff%24_8cc9ba6434723d3db778bc0ff9e5498f
2019-04-03 22:57:56,560   GET     200       1 ms  /3/Jobs/%240301c0a8380132d4ffffffff%24_8cc9ba6434723d3db778bc0ff9e5498f
2019-04-03 22:57:57,594   GET     200       0 ms  /3/Jobs/%240301c0a8380132d4ffffffff%24_8cc9ba6434723d3db778bc0ff9e5498f
2019-04-03 22:57:58,611   GET     200       1 ms  /3/Jobs/%240301c0a8380132d4ffffffff%24_8cc9ba6434723d3db778bc0ff9e5498f
2019-04-03 22:57:59,630   GET     200       1 ms  /3/Jobs/%240301c0a8380132d4ffffffff%24_8cc9ba6434723d3db778bc0ff9e5498f
2019-04-03 22:58:00,650   GET     200       1 ms  /3/Jobs/%240301c0a8380132d4ffffffff%24_8cc9ba6434723d3db778bc0ff9e5498f
2019-04-03 22:58:01,695   GET     200       1 ms  /3/Jobs/%240301c0a8380132d4ffffffff%24_8cc9ba6434723d3db778bc0ff9e5498f
2019-04-03 22:58:02,732   GET     200       0 ms  /3/Jobs/%240301c0a8380132d4ffffffff%24_8cc9ba6434723d3db778bc0ff9e5498f
2019-04-03 22:58:03,826   GET     200       0 ms  /3/Jobs/%240301c0a8380132d4ffffffff%24_8cc9ba6434723d3db778bc0ff9e5498f
2019-04-03 22:58:04,897   GET     200       0 ms  /3/Jobs/%240301c0a8380132d4ffffffff%24_8cc9ba6434723d3db778bc0ff9e5498f
2019-04-03 22:58:05,917   GET     200       0 ms  /3/Jobs/%240301c0a8380132d4ffffffff%24_8cc9ba6434723d3db778bc0ff9e5498f
2019-04-03 22:58:06,953   GET     200       0 ms  /3/Jobs/%240301c0a8380132d4ffffffff%24_8cc9ba6434723d3db778bc0ff9e5498f
2019-04-03 22:58:07,972   GET     200       0 ms  /3/Jobs/%240301c0a8380132d4ffffffff%24_8cc9ba6434723d3db778bc0ff9e5498f
2019-04-03 22:58:08,985   GET     200       3 ms  /3/Jobs/%240301c0a8380132d4ffffffff%24_8cc9ba6434723d3db778bc0ff9e5498f
2019-04-03 22:58:10,061   GET     200       0 ms  /3/Jobs/%240301c0a8380132d4ffffffff%24_8cc9ba6434723d3db778bc0ff9e5498f
2019-04-03 22:58:11,137   GET     200       0 ms  /3/Jobs/%240301c0a8380132d4ffffffff%24_8cc9ba6434723d3db778bc0ff9e5498f
2019-04-03 22:58:12,216   GET     200       0 ms  /3/Jobs/%240301c0a8380132d4ffffffff%24_8cc9ba6434723d3db778bc0ff9e5498f
2019-04-03 22:58:13,357   GET     200       1 ms  /3/Jobs/%240301c0a8380132d4ffffffff%24_8cc9ba6434723d3db778bc0ff9e5498f
2019-04-03 22:58:14,413   GET     200       0 ms  /3/Jobs/%240301c0a8380132d4ffffffff%24_8cc9ba6434723d3db778bc0ff9e5498f
2019-04-03 22:58:15,508   GET     200       0 ms  /3/Jobs/%240301c0a8380132d4ffffffff%24_8cc9ba6434723d3db778bc0ff9e5498f
2019-04-03 22:58:16,551   GET     200       0 ms  /3/Jobs/%240301c0a8380132d4ffffffff%24_8cc9ba6434723d3db778bc0ff9e5498f
2019-04-03 22:58:17,564   GET     200       1 ms  /3/Jobs/%240301c0a8380132d4ffffffff%24_8cc9ba6434723d3db778bc0ff9e5498f
2019-04-03 22:58:18,576   GET     200       0 ms  /3/Jobs/%240301c0a8380132d4ffffffff%24_8cc9ba6434723d3db778bc0ff9e5498f
2019-04-03 22:58:19,585   GET     200       1 ms  /3/Jobs/%240301c0a8380132d4ffffffff%24_8cc9ba6434723d3db778bc0ff9e5498f
2019-04-03 22:58:20,631   GET     200       1 ms  /3/Jobs/%240301c0a8380132d4ffffffff%24_8cc9ba6434723d3db778bc0ff9e5498f
2019-04-03 22:58:21,647   GET     200       1 ms  /3/Jobs/%240301c0a8380132d4ffffffff%24_8cc9ba6434723d3db778bc0ff9e5498f
2019-04-03 22:58:22,680   GET     200       1 ms  /3/Jobs/%240301c0a8380132d4ffffffff%24_8cc9ba6434723d3db778bc0ff9e5498f
2019-04-03 22:58:23,687   GET     200       1 ms  /3/Jobs/%240301c0a8380132d4ffffffff%24_8cc9ba6434723d3db778bc0ff9e5498f
2019-04-03 22:58:24,702   GET     200       1 ms  /3/Jobs/%240301c0a8380132d4ffffffff%24_8cc9ba6434723d3db778bc0ff9e5498f
2019-04-03 22:58:25,796   GET     200       1 ms  /3/Jobs/%240301c0a8380132d4ffffffff%24_8cc9ba6434723d3db778bc0ff9e5498f
2019-04-03 22:58:26,864   GET     200       1 ms  /3/Jobs/%240301c0a8380132d4ffffffff%24_8cc9ba6434723d3db778bc0ff9e5498f
2019-04-03 22:58:26,869   GET     200       6 ms  /flow/index.html
2019-04-03 22:58:26,897   GET     200       6 ms  /flow/css/flow.css
2019-04-03 22:58:27,425   GET     200     487 ms  /flow/js/flow.js
2019-04-03 22:58:27,952   GET     200       2 ms  /3/Jobs/%240301c0a8380132d4ffffffff%24_8cc9ba6434723d3db778bc0ff9e5498f
2019-04-03 22:58:27,960   GET     200       8 ms  /flow/fonts/fa-solid-900.woff2
2019-04-03 22:58:27,960   GET     200      10 ms  /flow/img/h2o.png
2019-04-03 22:58:27,961   GET     200       8 ms  /flow/fonts/SourceCodePro-Regular.ttf.woff2
2019-04-03 22:58:27,962   GET     200      10 ms  /flow/fonts/Lato-Regular.woff2
2019-04-03 22:58:27,999   GET     200       4 ms  /flow/index.html
2019-04-03 22:58:29,052   GET     200    1043 ms  /3/Metadata/endpoints
2019-04-03 22:58:30,083   GET     200       2 ms  /3/NodePersistentStorage/notebook
2019-04-03 22:58:30,083   GET     200       2 ms  /3/NodePersistentStorage/categories/environment/names/clips/exists
2019-04-03 22:58:30,084   GET     200       3 ms  /3/About
2019-04-03 22:58:30,084   POST    200       3 ms  /3/scalaint
2019-04-03 22:58:30,086   GET     200       5 ms  /flow/help/catalog.json
2019-04-03 22:58:30,090   GET     200       5 ms  /flow/fonts/fa-regular-400.woff2
2019-04-03 22:58:30,092   GET     200       0 ms  /3/Jobs/%240301c0a8380132d4ffffffff%24_8cc9ba6434723d3db778bc0ff9e5498f
2019-04-03 22:58:30,093   GET     200       5 ms  /flow/img/h2o-flow.png
2019-04-03 22:58:30,095   GET     200       6 ms  /flow/fonts/Lato-Italic.woff2
2019-04-03 22:58:30,117   GET     200      33 ms  /3/ModelBuilders
2019-04-03 22:58:32,285   GET     200       1 ms  /3/Jobs/%240301c0a8380132d4ffffffff%24_8cc9ba6434723d3db778bc0ff9e5498f
2019-04-03 22:58:32,870   GET     200      27 ms  /3/Models
2019-04-03 22:58:34,341   GET     200       1 ms  /3/Jobs/%240301c0a8380132d4ffffffff%24_8cc9ba6434723d3db778bc0ff9e5498f
2019-04-03 22:58:35,954   GET     200       1 ms  /3/Jobs/%240301c0a8380132d4ffffffff%24_8cc9ba6434723d3db778bc0ff9e5498f
2019-04-03 22:58:38,036   GET     200       0 ms  /3/Jobs/%240301c0a8380132d4ffffffff%24_8cc9ba6434723d3db778bc0ff9e5498f
2019-04-03 22:58:40,285   GET     200       0 ms  /3/Jobs/%240301c0a8380132d4ffffffff%24_8cc9ba6434723d3db778bc0ff9e5498f
2019-04-03 22:58:42,331   GET     200       0 ms  /3/Jobs/%240301c0a8380132d4ffffffff%24_8cc9ba6434723d3db778bc0ff9e5498f
2019-04-03 22:58:44,021   GET     200       1 ms  /3/Jobs/%240301c0a8380132d4ffffffff%24_8cc9ba6434723d3db778bc0ff9e5498f
2019-04-03 22:58:45,978   GET     200       0 ms  /3/Jobs/%240301c0a8380132d4ffffffff%24_8cc9ba6434723d3db778bc0ff9e5498f
2019-04-03 22:58:48,009   GET     200       0 ms  /3/Jobs/%240301c0a8380132d4ffffffff%24_8cc9ba6434723d3db778bc0ff9e5498f
2019-04-03 22:58:49,948   GET     200       0 ms  /3/Jobs/%240301c0a8380132d4ffffffff%24_8cc9ba6434723d3db778bc0ff9e5498f
2019-04-03 22:58:50,968   GET     200       1 ms  /3/Jobs/%240301c0a8380132d4ffffffff%24_8cc9ba6434723d3db778bc0ff9e5498f
2019-04-03 22:58:52,488   GET     200       0 ms  /3/Jobs/%240301c0a8380132d4ffffffff%24_8cc9ba6434723d3db778bc0ff9e5498f
2019-04-03 22:58:53,692   GET     200       1 ms  /3/Jobs/%240301c0a8380132d4ffffffff%24_8cc9ba6434723d3db778bc0ff9e5498f
2019-04-03 22:58:55,196   GET     200       0 ms  /3/Jobs/%240301c0a8380132d4ffffffff%24_8cc9ba6434723d3db778bc0ff9e5498f
2019-04-03 22:58:56,688   GET     200       0 ms  /3/Jobs/%240301c0a8380132d4ffffffff%24_8cc9ba6434723d3db778bc0ff9e5498f
2019-04-03 22:58:57,737   GET     200       0 ms  /3/Jobs/%240301c0a8380132d4ffffffff%24_8cc9ba6434723d3db778bc0ff9e5498f
2019-04-03 22:58:59,236   GET     200       1 ms  /3/Jobs/%240301c0a8380132d4ffffffff%24_8cc9ba6434723d3db778bc0ff9e5498f
2019-04-03 22:58:59,236   GET     200    1499 ms  /3/Models
2019-04-03 22:59:00,796   GET     200       0 ms  /3/Jobs/%240301c0a8380132d4ffffffff%24_8cc9ba6434723d3db778bc0ff9e5498f
2019-04-03 22:59:01,866   GET     200       1 ms  /3/Jobs/%240301c0a8380132d4ffffffff%24_8cc9ba6434723d3db778bc0ff9e5498f
2019-04-03 22:59:02,983   GET     200       1 ms  /3/Jobs/%240301c0a8380132d4ffffffff%24_8cc9ba6434723d3db778bc0ff9e5498f
2019-04-03 22:59:04,391   GET     200       1 ms  /3/Jobs/%240301c0a8380132d4ffffffff%24_8cc9ba6434723d3db778bc0ff9e5498f
2019-04-03 22:59:06,437   GET     200       1 ms  /3/Jobs/%240301c0a8380132d4ffffffff%24_8cc9ba6434723d3db778bc0ff9e5498f
2019-04-03 22:59:07,919   GET     200       1 ms  /3/Jobs/%240301c0a8380132d4ffffffff%24_8cc9ba6434723d3db778bc0ff9e5498f
2019-04-03 22:59:09,454   GET     200       1 ms  /3/Jobs/%240301c0a8380132d4ffffffff%24_8cc9ba6434723d3db778bc0ff9e5498f
2019-04-03 22:59:10,686   GET     200       0 ms  /3/Jobs/%240301c0a8380132d4ffffffff%24_8cc9ba6434723d3db778bc0ff9e5498f
2019-04-03 22:59:12,732   GET     200     924 ms  /3/Jobs/%240301c0a8380132d4ffffffff%24_8cc9ba6434723d3db778bc0ff9e5498f
2019-04-03 22:59:19,565   GET     200    3928 ms  /3/Jobs/%240301c0a8380132d4ffffffff%24_8cc9ba6434723d3db778bc0ff9e5498f
2019-04-03 22:59:26,646   GET     200    1388 ms  /3/Jobs/%240301c0a8380132d4ffffffff%24_8cc9ba6434723d3db778bc0ff9e5498f
2019-04-03 22:59:34,900   GET     200    5424 ms  /3/Jobs/%240301c0a8380132d4ffffffff%24_8cc9ba6434723d3db778bc0ff9e5498f
2019-04-03 22:59:38,353   GET     200    2015 ms  /3/Jobs/%240301c0a8380132d4ffffffff%24_8cc9ba6434723d3db778bc0ff9e5498f
2019-04-03 22:59:46,550   GET     200    3857 ms  /3/Jobs/%240301c0a8380132d4ffffffff%24_8cc9ba6434723d3db778bc0ff9e5498f
2019-04-03 22:59:52,339   GET     200    3797 ms  /3/Jobs/%240301c0a8380132d4ffffffff%24_8cc9ba6434723d3db778bc0ff9e5498f
2019-04-03 22:59:54,293   GET     200       0 ms  /3/Jobs/%240301c0a8380132d4ffffffff%24_8cc9ba6434723d3db778bc0ff9e5498f
2019-04-03 22:59:57,190   GET     200    1000 ms  /3/Jobs/%240301c0a8380132d4ffffffff%24_8cc9ba6434723d3db778bc0ff9e5498f
2019-04-03 23:00:00,053   GET     200       1 ms  /3/Jobs/%240301c0a8380132d4ffffffff%24_8cc9ba6434723d3db778bc0ff9e5498f
2019-04-03 23:00:04,876   GET     200     944 ms  /3/Jobs/%240301c0a8380132d4ffffffff%24_8cc9ba6434723d3db778bc0ff9e5498f
2019-04-03 23:00:12,625   GET     200    1032 ms  /3/Jobs/%240301c0a8380132d4ffffffff%24_8cc9ba6434723d3db778bc0ff9e5498f
2019-04-03 23:00:16,551   GET     200    1953 ms  /3/Jobs/%240301c0a8380132d4ffffffff%24_8cc9ba6434723d3db778bc0ff9e5498f
2019-04-03 23:00:18,464   GET     200       0 ms  /3/Jobs/%240301c0a8380132d4ffffffff%24_8cc9ba6434723d3db778bc0ff9e5498f
2019-04-03 23:00:23,292   GET     200    2007 ms  /3/Jobs/%240301c0a8380132d4ffffffff%24_8cc9ba6434723d3db778bc0ff9e5498f
2019-04-03 23:00:28,092   GET     200    1952 ms  /3/Jobs/%240301c0a8380132d4ffffffff%24_8cc9ba6434723d3db778bc0ff9e5498f
2019-04-03 23:00:32,915   GET     200     972 ms  /3/Jobs/%240301c0a8380132d4ffffffff%24_8cc9ba6434723d3db778bc0ff9e5498f
2019-04-03 23:00:37,900   GET     200    3072 ms  /3/Jobs/%240301c0a8380132d4ffffffff%24_8cc9ba6434723d3db778bc0ff9e5498f
2019-04-03 23:00:40,934   GET     200    1015 ms  /3/Jobs/%240301c0a8380132d4ffffffff%24_8cc9ba6434723d3db778bc0ff9e5498f
2019-04-03 23:00:45,762   GET     200    1968 ms  /3/Jobs/%240301c0a8380132d4ffffffff%24_8cc9ba6434723d3db778bc0ff9e5498f
2019-04-03 23:00:51,669   GET     200    1110 ms  /3/Jobs/%240301c0a8380132d4ffffffff%24_8cc9ba6434723d3db778bc0ff9e5498f
2019-04-03 23:00:54,789   GET     200    1000 ms  /3/Jobs/%240301c0a8380132d4ffffffff%24_8cc9ba6434723d3db778bc0ff9e5498f
2019-04-03 23:00:58,723   GET     200     953 ms  /3/Jobs/%240301c0a8380132d4ffffffff%24_8cc9ba6434723d3db778bc0ff9e5498f
2019-04-03 23:01:03,939   GET     200    1922 ms  /3/Jobs/%240301c0a8380132d4ffffffff%24_8cc9ba6434723d3db778bc0ff9e5498f
2019-04-03 23:01:07,897   GET     200    1015 ms  /3/Jobs/%240301c0a8380132d4ffffffff%24_8cc9ba6434723d3db778bc0ff9e5498f
2019-04-03 23:01:10,695   GET     200       0 ms  /3/Jobs/%240301c0a8380132d4ffffffff%24_8cc9ba6434723d3db778bc0ff9e5498f
2019-04-03 23:01:17,476   GET     200    1969 ms  /3/Jobs/%240301c0a8380132d4ffffffff%24_8cc9ba6434723d3db778bc0ff9e5498f
2019-04-03 23:01:21,402   GET     200     988 ms  /3/Jobs/%240301c0a8380132d4ffffffff%24_8cc9ba6434723d3db778bc0ff9e5498f
2019-04-03 23:01:26,020   GET     200    2065 ms  /3/Jobs/%240301c0a8380132d4ffffffff%24_8cc9ba6434723d3db778bc0ff9e5498f
2019-04-03 23:01:29,552   GET     200    1041 ms  /3/Jobs/%240301c0a8380132d4ffffffff%24_8cc9ba6434723d3db778bc0ff9e5498f
2019-04-03 23:01:33,946   GET     200    2060 ms  /3/Jobs/%240301c0a8380132d4ffffffff%24_8cc9ba6434723d3db778bc0ff9e5498f
2019-04-03 23:01:36,065   GET     200    1002 ms  /3/Jobs/%240301c0a8380132d4ffffffff%24_8cc9ba6434723d3db778bc0ff9e5498f
2019-04-03 23:01:43,386   GET     200    2843 ms  /3/Jobs/%240301c0a8380132d4ffffffff%24_8cc9ba6434723d3db778bc0ff9e5498f
2019-04-03 23:01:48,591   GET     200     957 ms  /3/Jobs/%240301c0a8380132d4ffffffff%24_8cc9ba6434723d3db778bc0ff9e5498f
2019-04-03 23:01:54,543   GET     200    4037 ms  /3/Jobs/%240301c0a8380132d4ffffffff%24_8cc9ba6434723d3db778bc0ff9e5498f
2019-04-03 23:01:59,308   GET     200    1928 ms  /3/Jobs/%240301c0a8380132d4ffffffff%24_8cc9ba6434723d3db778bc0ff9e5498f
2019-04-03 23:02:04,200   GET     200    1957 ms  /3/Jobs/%240301c0a8380132d4ffffffff%24_8cc9ba6434723d3db778bc0ff9e5498f
2019-04-03 23:02:10,101   GET     200    1968 ms  /3/Jobs/%240301c0a8380132d4ffffffff%24_8cc9ba6434723d3db778bc0ff9e5498f
2019-04-03 23:02:12,117   GET     200     978 ms  /3/Jobs/%240301c0a8380132d4ffffffff%24_8cc9ba6434723d3db778bc0ff9e5498f
2019-04-03 23:02:16,039   GET     200     980 ms  /3/Jobs/%240301c0a8380132d4ffffffff%24_8cc9ba6434723d3db778bc0ff9e5498f
2019-04-03 23:02:19,916   GET     200     968 ms  /3/Jobs/%240301c0a8380132d4ffffffff%24_8cc9ba6434723d3db778bc0ff9e5498f
2019-04-03 23:02:26,120   GET     200    1485 ms  /3/Jobs/%240301c0a8380132d4ffffffff%24_8cc9ba6434723d3db778bc0ff9e5498f
2019-04-03 23:02:32,922   GET     200    4764 ms  /3/Jobs/%240301c0a8380132d4ffffffff%24_8cc9ba6434723d3db778bc0ff9e5498f
2019-04-03 23:02:36,813   GET     200     964 ms  /3/Jobs/%240301c0a8380132d4ffffffff%24_8cc9ba6434723d3db778bc0ff9e5498f
2019-04-03 23:02:42,544   GET     200     972 ms  /3/Jobs/%240301c0a8380132d4ffffffff%24_8cc9ba6434723d3db778bc0ff9e5498f
2019-04-03 23:02:47,364   GET     200     952 ms  /3/Jobs/%240301c0a8380132d4ffffffff%24_8cc9ba6434723d3db778bc0ff9e5498f
2019-04-03 23:02:55,108   GET     200     957 ms  /3/Jobs/%240301c0a8380132d4ffffffff%24_8cc9ba6434723d3db778bc0ff9e5498f
2019-04-03 23:02:57,128   GET     200       1 ms  /3/Jobs/%240301c0a8380132d4ffffffff%24_8cc9ba6434723d3db778bc0ff9e5498f
2019-04-03 23:03:00,475   GET     200    1923 ms  /3/Jobs/%240301c0a8380132d4ffffffff%24_8cc9ba6434723d3db778bc0ff9e5498f
2019-04-03 23:03:04,329   GET     200     956 ms  /3/Jobs/%240301c0a8380132d4ffffffff%24_8cc9ba6434723d3db778bc0ff9e5498f
2019-04-03 23:03:08,213   GET     200    1000 ms  /3/Jobs/%240301c0a8380132d4ffffffff%24_8cc9ba6434723d3db778bc0ff9e5498f
2019-04-03 23:03:16,895   GET     200    2931 ms  /3/Jobs/%240301c0a8380132d4ffffffff%24_8cc9ba6434723d3db778bc0ff9e5498f
2019-04-03 23:03:24,717   GET     200    2874 ms  /3/Jobs/%240301c0a8380132d4ffffffff%24_8cc9ba6434723d3db778bc0ff9e5498f
2019-04-03 23:03:30,559   GET     200    1974 ms  /3/Jobs/%240301c0a8380132d4ffffffff%24_8cc9ba6434723d3db778bc0ff9e5498f
2019-04-03 23:03:35,541   GET     200    3017 ms  /3/Jobs/%240301c0a8380132d4ffffffff%24_8cc9ba6434723d3db778bc0ff9e5498f
2019-04-03 23:03:39,406   GET     200     970 ms  /3/Jobs/%240301c0a8380132d4ffffffff%24_8cc9ba6434723d3db778bc0ff9e5498f
2019-04-03 23:03:43,606   GET     200    1998 ms  /3/Jobs/%240301c0a8380132d4ffffffff%24_8cc9ba6434723d3db778bc0ff9e5498f
2019-04-03 23:03:52,562   GET     200    5959 ms  /3/Jobs/%240301c0a8380132d4ffffffff%24_8cc9ba6434723d3db778bc0ff9e5498f
2019-04-03 23:03:57,560   GET     200       0 ms  /3/Jobs/%240301c0a8380132d4ffffffff%24_8cc9ba6434723d3db778bc0ff9e5498f
2019-04-03 23:04:01,569   GET     200    2063 ms  /3/Jobs/%240301c0a8380132d4ffffffff%24_8cc9ba6434723d3db778bc0ff9e5498f
2019-04-03 23:04:03,562   GET     200       1 ms  /3/Jobs/%240301c0a8380132d4ffffffff%24_8cc9ba6434723d3db778bc0ff9e5498f
2019-04-03 23:04:06,500   GET     200       1 ms  /3/Jobs/%240301c0a8380132d4ffffffff%24_8cc9ba6434723d3db778bc0ff9e5498f
2019-04-03 23:04:12,443   GET     200    2941 ms  /3/Jobs/%240301c0a8380132d4ffffffff%24_8cc9ba6434723d3db778bc0ff9e5498f
2019-04-03 23:04:18,318   GET     200    2942 ms  /3/Jobs/%240301c0a8380132d4ffffffff%24_8cc9ba6434723d3db778bc0ff9e5498f
2019-04-03 23:04:22,152   GET     200     961 ms  /3/Jobs/%240301c0a8380132d4ffffffff%24_8cc9ba6434723d3db778bc0ff9e5498f
2019-04-03 23:04:30,003   GET     200    2954 ms  /3/Jobs/%240301c0a8380132d4ffffffff%24_8cc9ba6434723d3db778bc0ff9e5498f
2019-04-03 23:04:34,419   GET     200    1951 ms  /3/Jobs/%240301c0a8380132d4ffffffff%24_8cc9ba6434723d3db778bc0ff9e5498f
2019-04-03 23:04:42,295   GET     200    4964 ms  /3/Jobs/%240301c0a8380132d4ffffffff%24_8cc9ba6434723d3db778bc0ff9e5498f
2019-04-03 23:04:46,261   GET     200    1034 ms  /3/Jobs/%240301c0a8380132d4ffffffff%24_8cc9ba6434723d3db778bc0ff9e5498f
2019-04-03 23:04:52,394   GET     200    3229 ms  /3/Jobs/%240301c0a8380132d4ffffffff%24_8cc9ba6434723d3db778bc0ff9e5498f
2019-04-03 23:04:57,194   GET     200    1946 ms  /3/Jobs/%240301c0a8380132d4ffffffff%24_8cc9ba6434723d3db778bc0ff9e5498f
2019-04-03 23:05:01,135   GET     200     984 ms  /3/Jobs/%240301c0a8380132d4ffffffff%24_8cc9ba6434723d3db778bc0ff9e5498f
2019-04-03 23:05:04,010   GET     200     953 ms  /3/Jobs/%240301c0a8380132d4ffffffff%24_8cc9ba6434723d3db778bc0ff9e5498f
2019-04-03 23:05:10,837   GET     200    1983 ms  /3/Jobs/%240301c0a8380132d4ffffffff%24_8cc9ba6434723d3db778bc0ff9e5498f
2019-04-03 23:05:17,699   GET     200    1919 ms  /3/Jobs/%240301c0a8380132d4ffffffff%24_8cc9ba6434723d3db778bc0ff9e5498f
2019-04-03 23:05:21,514   GET     200     948 ms  /3/Jobs/%240301c0a8380132d4ffffffff%24_8cc9ba6434723d3db778bc0ff9e5498f
2019-04-03 23:05:25,540   GET     200     966 ms  /3/Jobs/%240301c0a8380132d4ffffffff%24_8cc9ba6434723d3db778bc0ff9e5498f
2019-04-03 23:05:27,981   GET     200  243047 ms  /99/AutoML/Titanic_SparkH2O_01
2019-04-03 23:05:30,880   GET     200  368411 ms  /3/Models/DRF_1_AutoML_20190403_225114
2019-04-03 23:05:30,880   GET     200    3878 ms  /3/Jobs/%240301c0a8380132d4ffffffff%24_8cc9ba6434723d3db778bc0ff9e5498f
2019-04-03 23:05:35,777   GET     200    1977 ms  /3/Jobs/%240301c0a8380132d4ffffffff%24_8cc9ba6434723d3db778bc0ff9e5498f
2019-04-03 23:05:42,600   GET     200    1981 ms  /3/Jobs/%240301c0a8380132d4ffffffff%24_8cc9ba6434723d3db778bc0ff9e5498f
2019-04-03 23:05:48,433   GET     200    1937 ms  /3/Jobs/%240301c0a8380132d4ffffffff%24_8cc9ba6434723d3db778bc0ff9e5498f
2019-04-03 23:05:54,666   GET     200    3362 ms  /3/Jobs/%240301c0a8380132d4ffffffff%24_8cc9ba6434723d3db778bc0ff9e5498f
2019-04-03 23:06:00,002   GET     200    2419 ms  /3/Jobs/%240301c0a8380132d4ffffffff%24_8cc9ba6434723d3db778bc0ff9e5498f
2019-04-03 23:06:09,080   GET     200    2332 ms  /3/Jobs/%240301c0a8380132d4ffffffff%24_8cc9ba6434723d3db778bc0ff9e5498f
2019-04-03 23:06:21,133   GET     200    6573 ms  /3/Jobs/%240301c0a8380132d4ffffffff%24_8cc9ba6434723d3db778bc0ff9e5498f
2019-04-03 23:06:26,470   GET     200    2399 ms  /3/Jobs/%240301c0a8380132d4ffffffff%24_8cc9ba6434723d3db778bc0ff9e5498f
2019-04-03 23:06:30,403   GET     200    1980 ms  /3/Jobs/%240301c0a8380132d4ffffffff%24_8cc9ba6434723d3db778bc0ff9e5498f
2019-04-03 23:06:35,357   GET     200    1962 ms  /3/Jobs/%240301c0a8380132d4ffffffff%24_8cc9ba6434723d3db778bc0ff9e5498f
2019-04-03 23:06:40,853   GET     999    2493 ms  /3/Jobs/%240301c0a8380132d4ffffffff%24_8cc9ba6434723d3db778bc0ff9e5498f
2019-04-03 23:08:32,117   GET     999   18897 ms  /99/AutoML/Titanic_SparkH2O_01
2019-04-03 23:09:41,551   POST    200   13510 ms  /3/Jobs/%240301c0a8380132d4ffffffff%24_8cc9ba6434723d3db778bc0ff9e5498f/cancel
2019-04-03 23:12:22,939   POST    200    3131 ms  /3/Jobs/%240301c0a8380132d4ffffffff%24_8cc9ba6434723d3db778bc0ff9e5498f/cancel
